
ROM used:   688/8192 (8%)
            688/8192 (8%) including unused fragments

            0.9 Average locations per line
            6.1 Average locations per statement

RAM used:   14/368 (4%) at main() level
            19/368 (5%) worst case

Stack used: 1 worst case (0 in main + 1 for interrupts)
Stack size: 8

Lines Stmts  %   Files
----- ----- ---  -----
   76   113 100  pic1.c
   10     0   0  main.h
  661     0   0  ..\..\..\..\..\..\Program Files (x86)\PICC\Devices\16F877A.h
----- -----
  747   113 Total

Page ROM  %  RAM   Vol Diff  Functions:
---- --- --- ---   --- ----  ----------
0     20   3    1             @delay_ms1
0     36   5    1             @PUTCHAR_1_
0      9   1    0    53  2.5  b0_kesmesi
0    403  59    0  2003  2.4  oku
0      1   0    0   460  4.7  @const629
0     75  11    4   667  5.9  @PSTRINGC7_619
0      1   0    0   208  6.3  @const631
0      1   0    0   354  4.7  @const632
0      1   0    0   238  4.0  @const633
0      1   0    0   267  6.8  @const634
0      1   0    0    90  2.5  @const635
0      1   0    0             @const636
0      1   0    0             @const637
0      1   0    0  1225  6.8  @const638
0      1   0    0             @const639
0      1   0    0             @const640
0      1   0    0             @const641
0      1   0    0             @const642
0      1   0    0             @const643
0      1   0    0             @const644
0      1   0    0             @const645
0     80  12    0   402  3.2  MAIN
0      1   0    0             @const649
0      1   0    0             @const650
 Inline         0             @cinit1

Program metrics:
    Functions               11
    Statements              113
    Comments                129
    Volume (V)              9012
    Difficulty (D)          48.0
    Effort to implement (E) 432259
    Time to implement (T)   6 hours, 40 minutes
    Est Delivered Bugs (B)  2
    Cyclomatic Complexity   33
    Maintainability (MI)    56

 Segment     Used  Free
-----------  ----  ----
00000-00003     4  0  
00004-0002E    43  0  
0002F-007FF   641  1360  
00800-00FFF     0  2048  
01000-017FF     0  2048  
01800-01FFF     0  2048  



