
ROM used:   2724/8192 (33%)
            3696/8192 (45%) including unused fragments

            2.2 Average locations per line
            8.5 Average locations per statement

RAM used:   22/368 (6%) at main() level
            48/368 (13%) worst case

Stack used: 0 worst case (0 in main + 0 for interrupts)
Stack size: 8

Lines Stmts  %   Files
----- ----- ---  -----
  100   235  74  pic2.c
   10     0   0  main.h
  661     0   0  ..\..\..\..\..\..\Program Files (x86)\PICC\Devices\16F877A.h
  456    84  26  ..\..\..\..\..\..\Program Files (x86)\PICC\Drivers\lcd.c
----- -----
 1227   319 Total

Page ROM  %  RAM   Vol Diff  Functions:
---- --- --- ---   --- ----  ----------
0     20   1    1             @delay_ms1
0      8   0    0             @const629
 Inline         3   596  5.9  lcd_read_byte
0      6   0    0    59  4.2  lcd_read_nibble
0     17   1    1   179  3.3  lcd_send_nibble
0     66   2    3   460  4.7  lcd_send_byte
0     51   2    2   667  5.9  lcd_init
0     18   1    4   208  6.3  lcd_gotoxy
0     44   2    1   354  4.7  lcd_putc
 Inline         1             @GETCH_1_
1   1648  60    4  6286  5.4  sayiyap_yazdir
0      2   0    0             @const676
0    117   4   13             @MULFF
0     29   1    2             @ITOF
0    321  12   16             @ADDFF
0      2   0    0   402  3.2  @const687
0      2   0    0             @const690
0      2   0    0             @const693
0      2   0    0             @const696
0      2   0    0             @const699
0      2   0    0             @const702
0      2   0    0             @const705
0      2   0    0             @const708
0      2   0    0             @const711
0      2   0    0             @const714
0      2   0    0             @const717
0      2   0    0             @const719
0      2   0    0             @const722
0      2   0    0    38  1.2  @const725
0      2   0    0             @const727
0      2   0    0             @const729
 Inline         0  1225  6.8  islem_sec
 Inline         5             @FTOSD
0     79   3   13             @DIV3232
0    224   8   13             @PRINTF_L32D_647FPFPF
 Inline        14    38  1.2  @DIVFF
0     38   1    0    38  1.2  MAIN
 Inline         0    38  1.2  @cinit1

Program metrics:
    Functions               14
    Statements              319
    Comments                233
    Volume (V)              14682
    Difficulty (D)          53.5
    Effort to implement (E) 785215
    Time to implement (T)   12 hours, 7 minutes
    Est Delivered Bugs (B)  3
    Cyclomatic Complexity   46
    Maintainability (MI)    85

 Segment     Used  Free
-----------  ----  ----
00000-00003     4  0  
00004-007FF  1072  972  
00800-00FFF  1648  400  
01000-017FF     0  2048  
01800-01FFF     0  2048  



