CCS PCM C Compiler, Version 5.007, 61971               03-Oca-21 23:17

               Filename:   C:\Users\MUHAMMETTARIKERKAM\Documents\CCS C Projects\2pic\pic2\pic2.lst

               ROM used:   2724 words (33%)
                           Largest free fragment is 2048
               RAM used:   22 (6%) at main() level
                           48 (13%) worst case
               Stack used: 0 locations
               Stack size: 8

*
0000:  MOVLW  04
0001:  MOVWF  0A
0002:  GOTO   40E
0003:  NOP
.................... #include <main.h> // Basic Tanimlamalar 
.................... #include <16F877A.h> 
.................... //////// Standard Header file for the PIC16F877A device //////////////// 
.................... #device PIC16F877A 
0004:  BCF    0A.0
0005:  BCF    0A.1
0006:  BCF    0A.2
0007:  ADDWF  02,F
0008:  RETLW  28
0009:  RETLW  0C
000A:  RETLW  01
000B:  RETLW  06
000C:  RETLW  37
000D:  RETLW  00
000E:  RETLW  38
000F:  RETLW  00
0010:  RETLW  39
0011:  RETLW  00
0012:  RETLW  2F
0013:  RETLW  00
0014:  RETLW  34
0015:  RETLW  00
0016:  RETLW  35
0017:  RETLW  00
0018:  RETLW  36
0019:  RETLW  00
001A:  RETLW  2A
001B:  RETLW  00
001C:  RETLW  31
001D:  RETLW  00
001E:  RETLW  32
001F:  RETLW  00
0020:  RETLW  33
0021:  RETLW  00
0022:  RETLW  2D
0023:  RETLW  00
0024:  RETLW  66
0025:  RETLW  00
0026:  RETLW  30
0027:  RETLW  00
0028:  RETLW  3D
0029:  RETLW  00
002A:  RETLW  2B
002B:  RETLW  00
002C:  RETLW  20
002D:  RETLW  00
*
010C:  MOVF   3E,W
010D:  BTFSC  03.2
010E:  GOTO   17C
010F:  MOVWF  46
0110:  MOVF   42,W
0111:  BTFSC  03.2
0112:  GOTO   17C
0113:  ADDWF  46,F
0114:  BTFSC  03.0
0115:  GOTO   11D
0116:  MOVLW  7F
0117:  SUBWF  46,F
0118:  BTFSS  03.0
0119:  GOTO   17C
011A:  BTFSC  03.2
011B:  GOTO   17C
011C:  GOTO   121
011D:  MOVLW  81
011E:  ADDWF  46,F
011F:  BTFSC  03.0
0120:  GOTO   17C
0121:  MOVF   46,W
0122:  MOVWF  77
0123:  CLRF   78
0124:  CLRF   79
0125:  CLRF   7A
0126:  MOVF   3F,W
0127:  MOVWF  4A
0128:  BSF    4A.7
0129:  MOVF   40,W
012A:  MOVWF  49
012B:  MOVF   41,W
012C:  MOVWF  48
012D:  MOVLW  18
012E:  MOVWF  46
012F:  CLRF   47
0130:  BTFSS  48.0
0131:  GOTO   14A
0132:  MOVF   45,W
0133:  ADDWF  7A,F
0134:  BTFSS  03.0
0135:  GOTO   13C
0136:  INCF   79,F
0137:  BTFSS  03.2
0138:  GOTO   13C
0139:  INCF   78,F
013A:  BTFSC  03.2
013B:  BSF    47.7
013C:  MOVF   44,W
013D:  ADDWF  79,F
013E:  BTFSS  03.0
013F:  GOTO   143
0140:  INCF   78,F
0141:  BTFSC  03.2
0142:  BSF    47.7
0143:  MOVF   43,W
0144:  MOVWF  40
0145:  BSF    40.7
0146:  MOVF   40,W
0147:  ADDWF  78,F
0148:  BTFSC  03.0
0149:  BSF    47.7
014A:  RLF    47,F
014B:  RRF    78,F
014C:  RRF    79,F
014D:  RRF    7A,F
014E:  RRF    4A,F
014F:  RRF    49,F
0150:  RRF    48,F
0151:  BCF    03.0
0152:  DECFSZ 46,F
0153:  GOTO   12F
0154:  MOVLW  01
0155:  ADDWF  77,F
0156:  BTFSC  03.0
0157:  GOTO   17C
0158:  BTFSC  78.7
0159:  GOTO   161
015A:  RLF    4A,F
015B:  RLF    7A,F
015C:  RLF    79,F
015D:  RLF    78,F
015E:  DECF   77,F
015F:  BTFSC  03.2
0160:  GOTO   17C
0161:  BTFSS  4A.7
0162:  GOTO   172
0163:  INCF   7A,F
0164:  BTFSS  03.2
0165:  GOTO   172
0166:  INCF   79,F
0167:  BTFSS  03.2
0168:  GOTO   172
0169:  INCF   78,F
016A:  BTFSS  03.2
016B:  GOTO   172
016C:  RRF    78,F
016D:  RRF    79,F
016E:  RRF    7A,F
016F:  INCF   77,F
0170:  BTFSC  03.2
0171:  GOTO   17C
0172:  MOVF   3F,W
0173:  MOVWF  47
0174:  MOVF   43,W
0175:  XORWF  47,F
0176:  BTFSS  47.7
0177:  GOTO   17A
0178:  BSF    78.7
0179:  GOTO   180
017A:  BCF    78.7
017B:  GOTO   180
017C:  CLRF   77
017D:  CLRF   78
017E:  CLRF   79
017F:  CLRF   7A
0180:  RETURN
0181:  MOVLW  8E
0182:  MOVWF  77
0183:  MOVF   36,W
0184:  MOVWF  78
0185:  MOVF   35,W
0186:  MOVWF  79
0187:  CLRF   7A
0188:  MOVF   78,F
0189:  BTFSS  03.2
018A:  GOTO   195
018B:  MOVF   79,W
018C:  MOVWF  78
018D:  CLRF   79
018E:  MOVLW  08
018F:  SUBWF  77,F
0190:  MOVF   78,F
0191:  BTFSS  03.2
0192:  GOTO   195
0193:  CLRF   77
0194:  GOTO   19D
0195:  BCF    03.0
0196:  BTFSC  78.7
0197:  GOTO   19C
0198:  RLF    79,F
0199:  RLF    78,F
019A:  DECF   77,F
019B:  GOTO   195
019C:  BCF    78.7
019D:  RETURN
019E:  MOVLW  80
019F:  BTFSC  03.1
01A0:  XORWF  3A,F
01A1:  CLRF   3F
01A2:  CLRF   40
01A3:  MOVF   36,W
01A4:  MOVWF  3E
01A5:  MOVF   3A,W
01A6:  XORWF  3E,F
01A7:  MOVF   35,W
01A8:  BTFSC  03.2
01A9:  GOTO   28E
01AA:  MOVWF  3D
01AB:  MOVWF  77
01AC:  MOVF   39,W
01AD:  BTFSC  03.2
01AE:  GOTO   297
01AF:  SUBWF  3D,F
01B0:  BTFSC  03.2
01B1:  GOTO   233
01B2:  BTFSS  03.0
01B3:  GOTO   1F1
01B4:  MOVF   3A,W
01B5:  MOVWF  43
01B6:  BSF    43.7
01B7:  MOVF   3B,W
01B8:  MOVWF  42
01B9:  MOVF   3C,W
01BA:  MOVWF  41
01BB:  CLRF   40
01BC:  BCF    03.0
01BD:  RRF    43,F
01BE:  RRF    42,F
01BF:  RRF    41,F
01C0:  RRF    40,F
01C1:  DECFSZ 3D,F
01C2:  GOTO   1BB
01C3:  BTFSS  3E.7
01C4:  GOTO   1C8
01C5:  BSF    3F.0
01C6:  GOTO   2AB
01C7:  BCF    3F.0
01C8:  BCF    3D.0
01C9:  BSF    3F.4
01CA:  MOVLW  38
01CB:  MOVWF  04
01CC:  BCF    03.7
01CD:  GOTO   2C0
01CE:  BCF    3F.4
01CF:  BTFSC  3E.7
01D0:  GOTO   1DB
01D1:  BTFSS  3D.0
01D2:  GOTO   1E6
01D3:  RRF    43,F
01D4:  RRF    42,F
01D5:  RRF    41,F
01D6:  RRF    40,F
01D7:  INCF   77,F
01D8:  BTFSC  03.2
01D9:  GOTO   2A6
01DA:  GOTO   1E6
01DB:  BTFSC  43.7
01DC:  GOTO   1E9
01DD:  BCF    03.0
01DE:  RLF    40,F
01DF:  RLF    41,F
01E0:  RLF    42,F
01E1:  RLF    43,F
01E2:  DECF   77,F
01E3:  BTFSC  03.2
01E4:  GOTO   2A6
01E5:  GOTO   1DB
01E6:  BSF    3F.6
01E7:  GOTO   253
01E8:  BCF    3F.6
01E9:  MOVF   36,W
01EA:  MOVWF  3E
01EB:  BTFSS  3E.7
01EC:  GOTO   1EF
01ED:  BSF    43.7
01EE:  GOTO   29F
01EF:  BCF    43.7
01F0:  GOTO   29F
01F1:  MOVF   39,W
01F2:  MOVWF  3D
01F3:  MOVWF  77
01F4:  MOVF   35,W
01F5:  SUBWF  3D,F
01F6:  MOVF   36,W
01F7:  MOVWF  43
01F8:  BSF    43.7
01F9:  MOVF   37,W
01FA:  MOVWF  42
01FB:  MOVF   38,W
01FC:  MOVWF  41
01FD:  CLRF   40
01FE:  BCF    03.0
01FF:  RRF    43,F
0200:  RRF    42,F
0201:  RRF    41,F
0202:  RRF    40,F
0203:  DECFSZ 3D,F
0204:  GOTO   1FD
0205:  BTFSS  3E.7
0206:  GOTO   20A
0207:  BSF    3F.1
0208:  GOTO   2AB
0209:  BCF    3F.1
020A:  BCF    3D.0
020B:  BSF    3F.5
020C:  MOVLW  3C
020D:  MOVWF  04
020E:  BCF    03.7
020F:  GOTO   2C0
0210:  BCF    3F.5
0211:  BTFSC  3E.7
0212:  GOTO   21D
0213:  BTFSS  3D.0
0214:  GOTO   228
0215:  RRF    43,F
0216:  RRF    42,F
0217:  RRF    41,F
0218:  RRF    40,F
0219:  INCF   77,F
021A:  BTFSC  03.2
021B:  GOTO   2A6
021C:  GOTO   228
021D:  BTFSC  43.7
021E:  GOTO   22B
021F:  BCF    03.0
0220:  RLF    40,F
0221:  RLF    41,F
0222:  RLF    42,F
0223:  RLF    43,F
0224:  DECF   77,F
0225:  BTFSC  03.2
0226:  GOTO   2A6
0227:  GOTO   21D
0228:  BSF    3F.7
0229:  GOTO   253
022A:  BCF    3F.7
022B:  MOVF   3A,W
022C:  MOVWF  3E
022D:  BTFSS  3E.7
022E:  GOTO   231
022F:  BSF    43.7
0230:  GOTO   29F
0231:  BCF    43.7
0232:  GOTO   29F
0233:  MOVF   3A,W
0234:  MOVWF  43
0235:  BSF    43.7
0236:  MOVF   3B,W
0237:  MOVWF  42
0238:  MOVF   3C,W
0239:  MOVWF  41
023A:  BTFSS  3E.7
023B:  GOTO   240
023C:  BCF    43.7
023D:  BSF    3F.2
023E:  GOTO   2AB
023F:  BCF    3F.2
0240:  CLRF   40
0241:  BCF    3D.0
0242:  MOVLW  38
0243:  MOVWF  04
0244:  BCF    03.7
0245:  GOTO   2C0
0246:  BTFSC  3E.7
0247:  GOTO   269
0248:  MOVF   36,W
0249:  MOVWF  3E
024A:  BTFSS  3D.0
024B:  GOTO   253
024C:  RRF    43,F
024D:  RRF    42,F
024E:  RRF    41,F
024F:  RRF    40,F
0250:  INCF   77,F
0251:  BTFSC  03.2
0252:  GOTO   2A6
0253:  BTFSS  40.7
0254:  GOTO   264
0255:  INCF   41,F
0256:  BTFSS  03.2
0257:  GOTO   264
0258:  INCF   42,F
0259:  BTFSS  03.2
025A:  GOTO   264
025B:  INCF   43,F
025C:  BTFSS  03.2
025D:  GOTO   264
025E:  RRF    43,F
025F:  RRF    42,F
0260:  RRF    41,F
0261:  INCF   77,F
0262:  BTFSC  03.2
0263:  GOTO   2A6
0264:  BTFSC  3F.6
0265:  GOTO   1E8
0266:  BTFSC  3F.7
0267:  GOTO   22A
0268:  GOTO   288
0269:  MOVLW  80
026A:  XORWF  43,F
026B:  BTFSS  43.7
026C:  GOTO   271
026D:  GOTO   2AB
026E:  MOVF   3A,W
026F:  MOVWF  3E
0270:  GOTO   27E
0271:  MOVF   36,W
0272:  MOVWF  3E
0273:  MOVF   43,F
0274:  BTFSS  03.2
0275:  GOTO   27E
0276:  MOVF   42,F
0277:  BTFSS  03.2
0278:  GOTO   27E
0279:  MOVF   41,F
027A:  BTFSS  03.2
027B:  GOTO   27E
027C:  CLRF   77
027D:  GOTO   29F
027E:  BTFSC  43.7
027F:  GOTO   288
0280:  BCF    03.0
0281:  RLF    40,F
0282:  RLF    41,F
0283:  RLF    42,F
0284:  RLF    43,F
0285:  DECFSZ 77,F
0286:  GOTO   27E
0287:  GOTO   2A6
0288:  BTFSS  3E.7
0289:  GOTO   28C
028A:  BSF    43.7
028B:  GOTO   29F
028C:  BCF    43.7
028D:  GOTO   29F
028E:  MOVF   39,W
028F:  MOVWF  77
0290:  MOVF   3A,W
0291:  MOVWF  43
0292:  MOVF   3B,W
0293:  MOVWF  42
0294:  MOVF   3C,W
0295:  MOVWF  41
0296:  GOTO   29F
0297:  MOVF   35,W
0298:  MOVWF  77
0299:  MOVF   36,W
029A:  MOVWF  43
029B:  MOVF   37,W
029C:  MOVWF  42
029D:  MOVF   38,W
029E:  MOVWF  41
029F:  MOVF   43,W
02A0:  MOVWF  78
02A1:  MOVF   42,W
02A2:  MOVWF  79
02A3:  MOVF   41,W
02A4:  MOVWF  7A
02A5:  GOTO   2DE
02A6:  CLRF   77
02A7:  CLRF   78
02A8:  CLRF   79
02A9:  CLRF   7A
02AA:  GOTO   2DE
02AB:  CLRF   40
02AC:  COMF   41,F
02AD:  COMF   42,F
02AE:  COMF   43,F
02AF:  COMF   40,F
02B0:  INCF   40,F
02B1:  BTFSS  03.2
02B2:  GOTO   2B9
02B3:  INCF   41,F
02B4:  BTFSS  03.2
02B5:  GOTO   2B9
02B6:  INCF   42,F
02B7:  BTFSC  03.2
02B8:  INCF   43,F
02B9:  BTFSC  3F.0
02BA:  GOTO   1C7
02BB:  BTFSC  3F.1
02BC:  GOTO   209
02BD:  BTFSC  3F.2
02BE:  GOTO   23F
02BF:  GOTO   26E
02C0:  MOVF   00,W
02C1:  ADDWF  41,F
02C2:  BTFSS  03.0
02C3:  GOTO   2CA
02C4:  INCF   42,F
02C5:  BTFSS  03.2
02C6:  GOTO   2CA
02C7:  INCF   43,F
02C8:  BTFSC  03.2
02C9:  BSF    3D.0
02CA:  DECF   04,F
02CB:  MOVF   00,W
02CC:  ADDWF  42,F
02CD:  BTFSS  03.0
02CE:  GOTO   2D2
02CF:  INCF   43,F
02D0:  BTFSC  03.2
02D1:  BSF    3D.0
02D2:  DECF   04,F
02D3:  MOVF   00,W
02D4:  BTFSS  00.7
02D5:  XORLW  80
02D6:  ADDWF  43,F
02D7:  BTFSC  03.0
02D8:  BSF    3D.0
02D9:  BTFSC  3F.4
02DA:  GOTO   1CE
02DB:  BTFSC  3F.5
02DC:  GOTO   210
02DD:  GOTO   246
02DE:  RETURN
02DF:  BTFSC  03.1
02E0:  GOTO   2E4
02E1:  MOVLW  46
02E2:  MOVWF  04
02E3:  BCF    03.7
02E4:  CLRF   77
02E5:  CLRF   78
02E6:  CLRF   79
02E7:  CLRF   7A
02E8:  CLRF   46
02E9:  CLRF   47
02EA:  CLRF   48
02EB:  CLRF   49
02EC:  MOVF   45,W
02ED:  IORWF  44,W
02EE:  IORWF  43,W
02EF:  IORWF  42,W
02F0:  BTFSC  03.2
02F1:  GOTO   322
02F2:  MOVLW  20
02F3:  MOVWF  4A
02F4:  BCF    03.0
02F5:  RLF    3E,F
02F6:  RLF    3F,F
02F7:  RLF    40,F
02F8:  RLF    41,F
02F9:  RLF    46,F
02FA:  RLF    47,F
02FB:  RLF    48,F
02FC:  RLF    49,F
02FD:  MOVF   45,W
02FE:  SUBWF  49,W
02FF:  BTFSS  03.2
0300:  GOTO   30B
0301:  MOVF   44,W
0302:  SUBWF  48,W
0303:  BTFSS  03.2
0304:  GOTO   30B
0305:  MOVF   43,W
0306:  SUBWF  47,W
0307:  BTFSS  03.2
0308:  GOTO   30B
0309:  MOVF   42,W
030A:  SUBWF  46,W
030B:  BTFSS  03.0
030C:  GOTO   31C
030D:  MOVF   42,W
030E:  SUBWF  46,F
030F:  MOVF   43,W
0310:  BTFSS  03.0
0311:  INCFSZ 43,W
0312:  SUBWF  47,F
0313:  MOVF   44,W
0314:  BTFSS  03.0
0315:  INCFSZ 44,W
0316:  SUBWF  48,F
0317:  MOVF   45,W
0318:  BTFSS  03.0
0319:  INCFSZ 45,W
031A:  SUBWF  49,F
031B:  BSF    03.0
031C:  RLF    77,F
031D:  RLF    78,F
031E:  RLF    79,F
031F:  RLF    7A,F
0320:  DECFSZ 4A,F
0321:  GOTO   2F4
0322:  MOVF   46,W
0323:  MOVWF  00
0324:  INCF   04,F
0325:  MOVF   47,W
0326:  MOVWF  00
0327:  INCF   04,F
0328:  MOVF   48,W
0329:  MOVWF  00
032A:  INCF   04,F
032B:  MOVF   49,W
032C:  MOVWF  00
032D:  RETURN
032E:  MOVF   04,W
032F:  MOVWF  36
0330:  MOVF   35,W
0331:  MOVWF  38
0332:  BTFSC  03.2
0333:  GOTO   34D
0334:  MOVF   34,W
0335:  MOVWF  41
0336:  MOVF   33,W
0337:  MOVWF  40
0338:  MOVF   32,W
0339:  MOVWF  3F
033A:  MOVF   31,W
033B:  MOVWF  3E
033C:  CLRF   45
033D:  CLRF   44
033E:  MOVLW  20
033F:  MOVWF  43
0340:  MOVLW  82
0341:  MOVWF  42
0342:  CALL   10C
0343:  MOVF   7A,W
0344:  MOVWF  34
0345:  MOVF   79,W
0346:  MOVWF  33
0347:  MOVF   78,W
0348:  MOVWF  32
0349:  MOVF   77,W
034A:  MOVWF  31
034B:  DECFSZ 38,F
034C:  GOTO   334
034D:  MOVF   34,W
034E:  MOVWF  41
034F:  MOVF   33,W
0350:  MOVWF  40
0351:  MOVF   32,W
0352:  MOVWF  3F
0353:  MOVF   31,W
0354:  MOVWF  3E
0355:  MOVF   3E,W
0356:  SUBLW  B6
0357:  MOVWF  3E
0358:  CLRF   7A
0359:  MOVF   3F,W
035A:  MOVWF  42
035B:  BSF    3F.7
035C:  BCF    03.0
035D:  RRF    3F,F
035E:  RRF    40,F
035F:  RRF    41,F
0360:  RRF    7A,F
0361:  RRF    79,F
0362:  RRF    78,F
0363:  RRF    77,F
0364:  DECFSZ 3E,F
0365:  GOTO   35C
0366:  BTFSS  42.7
0367:  GOTO   373
0368:  COMF   77,F
0369:  COMF   78,F
036A:  COMF   79,F
036B:  COMF   7A,F
036C:  INCF   77,F
036D:  BTFSC  03.2
036E:  INCF   78,F
036F:  BTFSC  03.2
0370:  INCF   79,F
0371:  BTFSC  03.2
0372:  INCF   7A,F
0373:  MOVF   7A,W
0374:  MOVWF  34
0375:  MOVF   79,W
0376:  MOVWF  33
0377:  MOVF   78,W
0378:  MOVWF  32
0379:  MOVF   77,W
037A:  MOVWF  31
037B:  BTFSS  34.7
037C:  GOTO   38A
037D:  DECF   36,F
037E:  BSF    36.5
037F:  COMF   31,F
0380:  COMF   32,F
0381:  COMF   33,F
0382:  COMF   34,F
0383:  INCF   31,F
0384:  BTFSC  03.2
0385:  INCF   32,F
0386:  BTFSC  03.2
0387:  INCF   33,F
0388:  BTFSC  03.2
0389:  INCF   34,F
038A:  MOVLW  3B
038B:  MOVWF  3D
038C:  MOVLW  9A
038D:  MOVWF  3C
038E:  MOVLW  CA
038F:  MOVWF  3B
0390:  CLRF   3A
0391:  MOVLW  0A
0392:  MOVWF  38
0393:  MOVF   35,W
0394:  BTFSC  03.2
0395:  INCF   36,F
0396:  BSF    03.1
0397:  MOVLW  31
0398:  MOVWF  04
0399:  BCF    03.7
039A:  MOVF   34,W
039B:  MOVWF  41
039C:  MOVF   33,W
039D:  MOVWF  40
039E:  MOVF   32,W
039F:  MOVWF  3F
03A0:  MOVF   31,W
03A1:  MOVWF  3E
03A2:  MOVF   3D,W
03A3:  MOVWF  45
03A4:  MOVF   3C,W
03A5:  MOVWF  44
03A6:  MOVF   3B,W
03A7:  MOVWF  43
03A8:  MOVF   3A,W
03A9:  MOVWF  42
03AA:  CALL   2DF
03AB:  MOVF   78,W
03AC:  MOVF   77,F
03AD:  BTFSS  03.2
03AE:  GOTO   3C2
03AF:  INCF   35,W
03B0:  SUBWF  38,W
03B1:  BTFSC  03.2
03B2:  GOTO   3C2
03B3:  MOVF   36,W
03B4:  BTFSC  03.2
03B5:  GOTO   3C4
03B6:  ANDLW  0F
03B7:  SUBWF  38,W
03B8:  BTFSC  03.2
03B9:  GOTO   3BC
03BA:  BTFSC  03.0
03BB:  GOTO   3F4
03BC:  BTFSC  36.7
03BD:  GOTO   3F4
03BE:  BTFSC  36.6
03BF:  GOTO   3C4
03C0:  MOVLW  20
03C1:  GOTO   3F0
03C2:  MOVLW  20
03C3:  ANDWF  36,F
03C4:  BTFSS  36.5
03C5:  GOTO   3D2
03C6:  BCF    36.5
03C7:  MOVF   35,W
03C8:  BTFSS  03.2
03C9:  DECF   36,F
03CA:  MOVF   77,W
03CB:  MOVWF  36
03CC:  MOVLW  2D
03CD:  MOVWF  3E
03CE:  CALL   0E0
03CF:  MOVF   36,W
03D0:  MOVWF  77
03D1:  CLRF   36
03D2:  MOVF   35,W
03D3:  SUBWF  38,W
03D4:  BTFSS  03.2
03D5:  GOTO   3E0
03D6:  MOVF   77,W
03D7:  MOVWF  36
03D8:  MOVLW  2E
03D9:  MOVWF  3E
03DA:  CALL   0E0
03DB:  MOVF   36,W
03DC:  MOVWF  77
03DD:  MOVLW  20
03DE:  ANDWF  36,F
03DF:  MOVLW  00
03E0:  MOVLW  30
03E1:  BTFSS  36.5
03E2:  GOTO   3F0
03E3:  BCF    36.5
03E4:  MOVF   35,W
03E5:  BTFSS  03.2
03E6:  DECF   36,F
03E7:  MOVF   77,W
03E8:  MOVWF  36
03E9:  MOVLW  2D
03EA:  MOVWF  3E
03EB:  CALL   0E0
03EC:  MOVF   36,W
03ED:  MOVWF  77
03EE:  CLRF   36
03EF:  MOVLW  30
03F0:  ADDWF  77,F
03F1:  MOVF   77,W
03F2:  MOVWF  3E
03F3:  CALL   0E0
03F4:  BCF    03.1
03F5:  MOVF   3D,W
03F6:  MOVWF  41
03F7:  MOVF   3C,W
03F8:  MOVWF  40
03F9:  MOVF   3B,W
03FA:  MOVWF  3F
03FB:  MOVF   3A,W
03FC:  MOVWF  3E
03FD:  CLRF   45
03FE:  CLRF   44
03FF:  CLRF   43
0400:  MOVLW  0A
0401:  MOVWF  42
0402:  CALL   2DF
0403:  MOVF   7A,W
0404:  MOVWF  3D
0405:  MOVF   79,W
0406:  MOVWF  3C
0407:  MOVF   78,W
0408:  MOVWF  3B
0409:  MOVF   77,W
040A:  MOVWF  3A
040B:  DECFSZ 38,F
040C:  GOTO   396
040D:  RETURN
*
0D2A:  MOVF   31,W
0D2B:  BTFSC  03.2
0D2C:  GOTO   5EF
0D2D:  MOVWF  3D
0D2E:  MOVF   35,W
0D2F:  BTFSC  03.2
0D30:  GOTO   5EF
0D31:  SUBWF  3D,F
0D32:  BTFSS  03.0
0D33:  GOTO   539
0D34:  MOVLW  7F
0D35:  ADDWF  3D,F
0D36:  BTFSC  03.0
0D37:  GOTO   5EF
0D38:  GOTO   53F
0D39:  MOVLW  81
0D3A:  SUBWF  3D,F
0D3B:  BTFSS  03.0
0D3C:  GOTO   5EF
0D3D:  BTFSC  03.2
0D3E:  GOTO   5EF
0D3F:  MOVF   3D,W
0D40:  MOVWF  77
0D41:  CLRF   78
0D42:  CLRF   79
0D43:  CLRF   7A
0D44:  CLRF   3C
0D45:  MOVF   32,W
0D46:  MOVWF  3B
0D47:  BSF    3B.7
0D48:  MOVF   33,W
0D49:  MOVWF  3A
0D4A:  MOVF   34,W
0D4B:  MOVWF  39
0D4C:  MOVLW  19
0D4D:  MOVWF  3D
0D4E:  MOVF   38,W
0D4F:  SUBWF  39,F
0D50:  BTFSC  03.0
0D51:  GOTO   562
0D52:  MOVLW  01
0D53:  SUBWF  3A,F
0D54:  BTFSC  03.0
0D55:  GOTO   562
0D56:  SUBWF  3B,F
0D57:  BTFSC  03.0
0D58:  GOTO   562
0D59:  SUBWF  3C,F
0D5A:  BTFSC  03.0
0D5B:  GOTO   562
0D5C:  INCF   3C,F
0D5D:  INCF   3B,F
0D5E:  INCF   3A,F
0D5F:  MOVF   38,W
0D60:  ADDWF  39,F
0D61:  GOTO   594
0D62:  MOVF   37,W
0D63:  SUBWF  3A,F
0D64:  BTFSC  03.0
0D65:  GOTO   57D
0D66:  MOVLW  01
0D67:  SUBWF  3B,F
0D68:  BTFSC  03.0
0D69:  GOTO   57D
0D6A:  SUBWF  3C,F
0D6B:  BTFSC  03.0
0D6C:  GOTO   57D
0D6D:  INCF   3C,F
0D6E:  INCF   3B,F
0D6F:  MOVF   37,W
0D70:  ADDWF  3A,F
0D71:  MOVF   38,W
0D72:  ADDWF  39,F
0D73:  BTFSS  03.0
0D74:  GOTO   594
0D75:  INCF   3A,F
0D76:  BTFSS  03.2
0D77:  GOTO   594
0D78:  INCF   3B,F
0D79:  BTFSS  03.2
0D7A:  GOTO   594
0D7B:  INCF   3C,F
0D7C:  GOTO   594
0D7D:  MOVF   36,W
0D7E:  IORLW  80
0D7F:  SUBWF  3B,F
0D80:  BTFSC  03.0
0D81:  GOTO   593
0D82:  MOVLW  01
0D83:  SUBWF  3C,F
0D84:  BTFSC  03.0
0D85:  GOTO   593
0D86:  INCF   3C,F
0D87:  MOVF   36,W
0D88:  IORLW  80
0D89:  ADDWF  3B,F
0D8A:  MOVF   37,W
0D8B:  ADDWF  3A,F
0D8C:  BTFSS  03.0
0D8D:  GOTO   571
0D8E:  INCF   3B,F
0D8F:  BTFSS  03.2
0D90:  GOTO   571
0D91:  INCF   3C,F
0D92:  GOTO   571
0D93:  BSF    7A.0
0D94:  DECFSZ 3D,F
0D95:  GOTO   597
0D96:  GOTO   5A2
0D97:  BCF    03.0
0D98:  RLF    39,F
0D99:  RLF    3A,F
0D9A:  RLF    3B,F
0D9B:  RLF    3C,F
0D9C:  BCF    03.0
0D9D:  RLF    7A,F
0D9E:  RLF    79,F
0D9F:  RLF    78,F
0DA0:  RLF    3E,F
0DA1:  GOTO   54E
0DA2:  BTFSS  3E.0
0DA3:  GOTO   5AA
0DA4:  BCF    03.0
0DA5:  RRF    78,F
0DA6:  RRF    79,F
0DA7:  RRF    7A,F
0DA8:  RRF    3E,F
0DA9:  GOTO   5AD
0DAA:  DECF   77,F
0DAB:  BTFSC  03.2
0DAC:  GOTO   5EF
0DAD:  BTFSC  3E.7
0DAE:  GOTO   5D6
0DAF:  BCF    03.0
0DB0:  RLF    39,F
0DB1:  RLF    3A,F
0DB2:  RLF    3B,F
0DB3:  RLF    3C,F
0DB4:  MOVF   38,W
0DB5:  SUBWF  39,F
0DB6:  BTFSC  03.0
0DB7:  GOTO   5C2
0DB8:  MOVLW  01
0DB9:  SUBWF  3A,F
0DBA:  BTFSC  03.0
0DBB:  GOTO   5C2
0DBC:  SUBWF  3B,F
0DBD:  BTFSC  03.0
0DBE:  GOTO   5C2
0DBF:  SUBWF  3C,F
0DC0:  BTFSS  03.0
0DC1:  GOTO   5E5
0DC2:  MOVF   37,W
0DC3:  SUBWF  3A,F
0DC4:  BTFSC  03.0
0DC5:  GOTO   5CD
0DC6:  MOVLW  01
0DC7:  SUBWF  3B,F
0DC8:  BTFSC  03.0
0DC9:  GOTO   5CD
0DCA:  SUBWF  3C,F
0DCB:  BTFSS  03.0
0DCC:  GOTO   5E5
0DCD:  MOVF   36,W
0DCE:  IORLW  80
0DCF:  SUBWF  3B,F
0DD0:  BTFSC  03.0
0DD1:  GOTO   5D6
0DD2:  MOVLW  01
0DD3:  SUBWF  3C,F
0DD4:  BTFSS  03.0
0DD5:  GOTO   5E5
0DD6:  INCF   7A,F
0DD7:  BTFSS  03.2
0DD8:  GOTO   5E5
0DD9:  INCF   79,F
0DDA:  BTFSS  03.2
0DDB:  GOTO   5E5
0DDC:  INCF   78,F
0DDD:  BTFSS  03.2
0DDE:  GOTO   5E5
0DDF:  INCF   77,F
0DE0:  BTFSC  03.2
0DE1:  GOTO   5EF
0DE2:  RRF    78,F
0DE3:  RRF    79,F
0DE4:  RRF    7A,F
0DE5:  MOVF   32,W
0DE6:  MOVWF  3D
0DE7:  MOVF   36,W
0DE8:  XORWF  3D,F
0DE9:  BTFSS  3D.7
0DEA:  GOTO   5ED
0DEB:  BSF    78.7
0DEC:  GOTO   5F3
0DED:  BCF    78.7
0DEE:  GOTO   5F3
0DEF:  CLRF   77
0DF0:  CLRF   78
0DF1:  CLRF   79
0DF2:  CLRF   7A
....................  
.................... #list 
....................  
.................... #device ADC=16 
....................  
.................... #FUSES NOWDT                 	//No Watch Dog Timer 
.................... #FUSES NOBROWNOUT            	//No brownout reset 
.................... #FUSES NOLVP                 	//No low voltage prgming, B3(PIC16) or B5(PIC18) used for I/O 
....................  
.................... #use delay(crystal=20000000) 
*
002E:  MOVLW  3F
002F:  MOVWF  04
0030:  BCF    03.7
0031:  MOVF   00,W
0032:  BTFSC  03.2
0033:  GOTO   041
0034:  MOVLW  06
0035:  MOVWF  78
0036:  CLRF   77
0037:  DECFSZ 77,F
0038:  GOTO   037
0039:  DECFSZ 78,F
003A:  GOTO   036
003B:  MOVLW  7B
003C:  MOVWF  77
003D:  DECFSZ 77,F
003E:  GOTO   03D
003F:  DECFSZ 00,F
0040:  GOTO   034
0041:  RETURN
....................  
....................  
....................  
.................... #include <lcd.c>  // Lcd Kutuphanesi 
.................... /////////////////////////////////////////////////////////////////////////////// 
.................... ////                             LCD.C                                     //// 
.................... ////                 Driver for common LCD modules                         //// 
.................... ////                                                                       //// 
.................... ////  lcd_init()   Must be called before any other function.               //// 
.................... ////                                                                       //// 
.................... ////  lcd_putc(c)  Will display c on the next position of the LCD.         //// 
.................... ////                 \a  Set cursor position to upper left                 //// 
.................... ////                 \f  Clear display, set cursor to upper left           //// 
.................... ////                 \n  Go to start of second line                        //// 
.................... ////                 \b  Move back one position                            //// 
.................... ////              If LCD_EXTENDED_NEWLINE is defined, the \n character     //// 
.................... ////              will erase all remanining characters on the current      //// 
.................... ////              line, and move the cursor to the beginning of the next   //// 
.................... ////              line.                                                    //// 
.................... ////              If LCD_EXTENDED_NEWLINE is defined, the \r character     //// 
.................... ////              will move the cursor to the start of the current         //// 
.................... ////              line.                                                    //// 
.................... ////                                                                       //// 
.................... ////  lcd_gotoxy(x,y) Set write position on LCD (upper left is 1,1)        //// 
.................... ////                                                                       //// 
.................... ////  lcd_getc(x,y)   Returns character at position x,y on LCD             //// 
.................... ////                                                                       //// 
.................... ////  lcd_cursor_on(int1 on)   Turn the cursor on (on=TRUE) or off         //// 
.................... ////              (on=FALSE).                                              //// 
.................... ////                                                                       //// 
.................... ////  lcd_set_cgram_char(w, *p)   Write a custom character to the CGRAM.   //// 
.................... ////                                                                       //// 
.................... ////                                                                       //// 
.................... ////  CONFIGURATION                                                        //// 
.................... ////  The LCD can be configured in one of two ways: a.) port access or     //// 
.................... ////  b.) pin access.  Port access requires the entire 7 bit interface     //// 
.................... ////  connected to one GPIO port, and the data bits (D4:D7 of the LCD)     //// 
.................... ////  connected to sequential pins on the GPIO.  Pin access                //// 
.................... ////  has no requirements, all 7 bits of the control interface can         //// 
.................... ////  can be connected to any GPIO using several ports.                    //// 
.................... ////                                                                       //// 
.................... ////  To use port access, #define LCD_DATA_PORT to the SFR location of     //// 
.................... ////  of the GPIO port that holds the interface, -AND- edit LCD_PIN_MAP    //// 
.................... ////  of this file to configure the pin order.  If you are using a         //// 
.................... ////  baseline PIC (PCB), then LCD_OUTPUT_MAP and LCD_INPUT_MAP also must  //// 
.................... ////  be defined.                                                          //// 
.................... ////                                                                       //// 
.................... ////  Example of port access:                                              //// 
.................... ////     #define LCD_DATA_PORT getenv("SFR:PORTD")                         //// 
.................... ////                                                                       //// 
.................... ////  To use pin access, the following pins must be defined:               //// 
.................... ////     LCD_ENABLE_PIN                                                    //// 
.................... ////     LCD_RS_PIN                                                        //// 
.................... ////     LCD_RW_PIN                                                        //// 
.................... ////     LCD_DATA4                                                         //// 
.................... ////     LCD_DATA5                                                         //// 
.................... ////     LCD_DATA6                                                         //// 
.................... ////     LCD_DATA7                                                         //// 
.................... ////                                                                       //// 
.................... ////  Example of pin access:                                               //// 
.................... ////     #define LCD_ENABLE_PIN  PIN_E0                                    //// 
.................... ////     #define LCD_RS_PIN      PIN_E1                                    //// 
.................... ////     #define LCD_RW_PIN      PIN_E2                                    //// 
.................... ////     #define LCD_DATA4       PIN_D4                                    //// 
.................... ////     #define LCD_DATA5       PIN_D5                                    //// 
.................... ////     #define LCD_DATA6       PIN_D6                                    //// 
.................... ////     #define LCD_DATA7       PIN_D7                                    //// 
.................... ////                                                                       //// 
.................... /////////////////////////////////////////////////////////////////////////////// 
.................... ////        (C) Copyright 1996,2010 Custom Computer Services           //// 
.................... //// This source code may only be used by licensed users of the CCS C  //// 
.................... //// compiler.  This source code may only be distributed to other      //// 
.................... //// licensed users of the CCS C compiler.  No other use, reproduction //// 
.................... //// or distribution is permitted without written permission.          //// 
.................... //// Derivative programs created using this software in object code    //// 
.................... //// form are not restricted in any way.                               //// 
.................... /////////////////////////////////////////////////////////////////////////// 
....................  
.................... #ifndef __LCD_C__ 
.................... #define __LCD_C__ 
....................  
.................... // define the pinout. 
.................... // only required if port access is being used. 
.................... typedef struct   
.................... {                            // This structure is overlayed 
....................    int1 enable;           // on to an I/O port to gain 
....................    int1 rs;               // access to the LCD pins. 
....................    int1 rw;               // The bits are allocated from 
....................    int1 unused;           // low order up.  ENABLE will 
....................    unsigned int     data : 4;         // be LSB pin of that port. 
....................   #if defined(__PCD__)       // The port used will be LCD_DATA_PORT. 
....................    unsigned int    reserved: 8; 
....................   #endif 
.................... } LCD_PIN_MAP; 
....................  
.................... // this is to improve compatability with previous LCD drivers that accepted 
.................... // a define labeled 'use_portb_lcd' that configured the LCD onto port B. 
.................... #if ((defined(use_portb_lcd)) && (use_portb_lcd==TRUE)) 
....................  #define LCD_DATA_PORT getenv("SFR:PORTB") 
.................... #endif 
....................  
.................... #if defined(__PCB__) 
....................    // these definitions only need to be modified for baseline PICs. 
....................    // all other PICs use LCD_PIN_MAP or individual LCD_xxx pin definitions. 
.................... /*                                    EN, RS,   RW,   UNUSED,  DATA  */ 
....................  const LCD_PIN_MAP LCD_OUTPUT_MAP =  {0,  0,    0,    0,       0}; 
....................  const LCD_PIN_MAP LCD_INPUT_MAP =   {0,  0,    0,    0,       0xF}; 
.................... #endif 
....................  
.................... ////////////////////// END CONFIGURATION /////////////////////////////////// 
....................  
.................... #ifndef LCD_ENABLE_PIN 
....................    #define lcd_output_enable(x) lcdlat.enable=x 
....................    #define lcd_enable_tris()   lcdtris.enable=0 
.................... #else 
....................    #define lcd_output_enable(x) output_bit(LCD_ENABLE_PIN, x) 
....................    #define lcd_enable_tris()  output_drive(LCD_ENABLE_PIN) 
.................... #endif 
....................  
.................... #ifndef LCD_RS_PIN 
....................    #define lcd_output_rs(x) lcdlat.rs=x 
....................    #define lcd_rs_tris()   lcdtris.rs=0 
.................... #else 
....................    #define lcd_output_rs(x) output_bit(LCD_RS_PIN, x) 
....................    #define lcd_rs_tris()  output_drive(LCD_RS_PIN) 
.................... #endif 
....................  
.................... #ifndef LCD_RW_PIN 
....................    #define lcd_output_rw(x) lcdlat.rw=x 
....................    #define lcd_rw_tris()   lcdtris.rw=0 
.................... #else 
....................    #define lcd_output_rw(x) output_bit(LCD_RW_PIN, x) 
....................    #define lcd_rw_tris()  output_drive(LCD_RW_PIN) 
.................... #endif 
....................  
.................... // original version of this library incorrectly labeled LCD_DATA0 as LCD_DATA4, 
.................... // LCD_DATA1 as LCD_DATA5, and so on.  this block of code makes the driver 
.................... // compatible with any code written for the original library 
.................... #if (defined(LCD_DATA0) && defined(LCD_DATA1) && defined(LCD_DATA2) && defined(LCD_DATA3) && !defined(LCD_DATA4) && !defined(LCD_DATA5) && !defined(LCD_DATA6) && !defined(LCD_DATA7)) 
....................    #define  LCD_DATA4    LCD_DATA0 
....................    #define  LCD_DATA5    LCD_DATA1 
....................    #define  LCD_DATA6    LCD_DATA2 
....................    #define  LCD_DATA7    LCD_DATA3 
.................... #endif 
....................  
.................... #ifndef LCD_DATA4 
.................... #ifndef LCD_DATA_PORT 
....................    #if defined(__PCB__) 
....................       #define LCD_DATA_PORT      0x06     //portb 
....................       #define set_tris_lcd(x)   set_tris_b(x) 
....................    #else 
....................      #if defined(PIN_D0) 
....................       #define LCD_DATA_PORT      getenv("SFR:PORTD")     //portd 
....................      #else 
....................       #define LCD_DATA_PORT      getenv("SFR:PORTB")     //portb 
....................      #endif 
....................    #endif    
.................... #endif 
....................  
.................... #if defined(__PCB__) 
....................    LCD_PIN_MAP lcd, lcdlat; 
....................    #byte lcd = LCD_DATA_PORT 
....................    #byte lcdlat = LCD_DATA_PORT 
.................... #elif defined(__PCM__) 
....................    LCD_PIN_MAP lcd, lcdlat, lcdtris; 
....................    #byte lcd = LCD_DATA_PORT 
....................    #byte lcdlat = LCD_DATA_PORT 
....................    #byte lcdtris = LCD_DATA_PORT+0x80 
.................... #elif defined(__PCH__) 
....................    LCD_PIN_MAP lcd, lcdlat, lcdtris; 
....................    #byte lcd = LCD_DATA_PORT 
....................    #byte lcdlat = LCD_DATA_PORT+9 
....................    #byte lcdtris = LCD_DATA_PORT+0x12 
.................... #elif defined(__PCD__) 
....................    LCD_PIN_MAP lcd, lcdlat, lcdtris; 
....................    #word lcd = LCD_DATA_PORT 
....................    #word lcdlat = LCD_DATA_PORT+2 
....................    #word lcdtris = LCD_DATA_PORT-0x02 
.................... #endif 
.................... #endif   //LCD_DATA4 not defined 
....................  
.................... #ifndef LCD_TYPE 
....................    #define LCD_TYPE 2           // 0=5x7, 1=5x10, 2=2 lines 
.................... #endif 
....................  
.................... #ifndef LCD_LINE_TWO 
....................    #define LCD_LINE_TWO 0x40    // LCD RAM address for the second line 
.................... #endif 
....................  
.................... #ifndef LCD_LINE_LENGTH 
....................    #define LCD_LINE_LENGTH 20 
.................... #endif 
....................  
.................... unsigned int8 const LCD_INIT_STRING[4] = {0x20 | (LCD_TYPE << 2), 0xc, 1, 6}; 
....................                              // These bytes need to be sent to the LCD 
....................                              // to start it up. 
....................  
.................... unsigned int8 lcd_read_nibble(void); 
....................  
.................... unsigned int8 lcd_read_byte(void) 
.................... { 
....................    unsigned int8 low,high; 
....................  
....................  #if defined(__PCB__) 
....................    set_tris_lcd(LCD_INPUT_MAP); 
....................  #else 
....................   #if (defined(LCD_DATA4) && defined(LCD_DATA5) && defined(LCD_DATA6) && defined(LCD_DATA7)) 
....................    output_float(LCD_DATA4); 
....................    output_float(LCD_DATA5); 
....................    output_float(LCD_DATA6); 
....................    output_float(LCD_DATA7); 
....................   #else 
....................    lcdtris.data = 0xF; 
*
005F:  MOVLW  0F
0060:  BSF    03.5
0061:  ANDWF  08,W
0062:  IORLW  F0
0063:  MOVWF  08
....................   #endif 
....................  #endif 
....................          
....................    lcd_output_rw(1); 
0064:  BCF    03.5
0065:  BSF    08.2
....................    delay_cycles(1); 
0066:  NOP
....................    lcd_output_enable(1); 
0067:  BSF    08.0
....................    delay_cycles(1); 
0068:  NOP
....................    high = lcd_read_nibble(); 
0069:  CALL   053
006A:  MOVF   78,W
006B:  MOVWF  46
....................        
....................    lcd_output_enable(0); 
006C:  BCF    08.0
....................    delay_cycles(1); 
006D:  NOP
....................    lcd_output_enable(1); 
006E:  BSF    08.0
....................    delay_us(1); 
006F:  GOTO   070
0070:  GOTO   071
0071:  NOP
....................    low = lcd_read_nibble(); 
0072:  CALL   053
0073:  MOVF   78,W
0074:  MOVWF  45
....................        
....................    lcd_output_enable(0); 
0075:  BCF    08.0
....................  
....................  #if defined(__PCB__) 
....................    set_tris_lcd(LCD_OUTPUT_MAP); 
....................  #else 
....................   #if (defined(LCD_DATA4) && defined(LCD_DATA5) && defined(LCD_DATA6) && defined(LCD_DATA7)) 
....................    output_drive(LCD_DATA4); 
....................    output_drive(LCD_DATA5); 
....................    output_drive(LCD_DATA6); 
....................    output_drive(LCD_DATA7); 
....................   #else 
....................    lcdtris.data = 0x0; 
0076:  MOVLW  0F
0077:  BSF    03.5
0078:  ANDWF  08,W
0079:  MOVWF  08
....................   #endif 
....................  #endif 
....................  
....................    return( (high<<4) | low); 
007A:  BCF    03.5
007B:  SWAPF  46,W
007C:  MOVWF  77
007D:  MOVLW  F0
007E:  ANDWF  77,F
007F:  MOVF   77,W
0080:  IORWF  45,W
0081:  MOVWF  78
.................... } 
....................  
.................... unsigned int8 lcd_read_nibble(void) 
.................... { 
....................   #if (defined(LCD_DATA4) && defined(LCD_DATA5) && defined(LCD_DATA6) && defined(LCD_DATA7)) 
....................    unsigned int8 n = 0x00; 
....................  
....................    /* Read the data port */ 
....................    n |= input(LCD_DATA4); 
....................    n |= input(LCD_DATA5) << 1; 
....................    n |= input(LCD_DATA6) << 2; 
....................    n |= input(LCD_DATA7) << 3; 
....................     
....................    return(n); 
....................   #else 
....................    return(lcd.data); 
*
0053:  MOVF   08,W
0054:  MOVWF  77
0055:  SWAPF  08,W
0056:  ANDLW  0F
0057:  MOVWF  78
....................   #endif 
0058:  RETURN
.................... } 
....................  
.................... void lcd_send_nibble(unsigned int8 n) 
.................... { 
....................   #if (defined(LCD_DATA4) && defined(LCD_DATA5) && defined(LCD_DATA6) && defined(LCD_DATA7)) 
....................    /* Write to the data port */ 
....................    output_bit(LCD_DATA4, bit_test(n, 0)); 
....................    output_bit(LCD_DATA5, bit_test(n, 1)); 
....................    output_bit(LCD_DATA6, bit_test(n, 2)); 
....................    output_bit(LCD_DATA7, bit_test(n, 3)); 
....................   #else       
....................    lcdlat.data = n; 
*
0042:  SWAPF  46,W
0043:  ANDLW  F0
0044:  MOVWF  77
0045:  MOVLW  0F
0046:  ANDWF  08,W
0047:  IORWF  77,W
0048:  MOVWF  08
....................   #endif 
....................        
....................    delay_cycles(1); 
0049:  NOP
....................    lcd_output_enable(1); 
004A:  BSF    08.0
....................    delay_us(2); 
004B:  MOVLW  02
004C:  MOVWF  77
004D:  DECFSZ 77,F
004E:  GOTO   04D
004F:  GOTO   050
0050:  NOP
....................    lcd_output_enable(0); 
0051:  BCF    08.0
0052:  RETURN
.................... } 
....................  
.................... void lcd_send_byte(unsigned int8 address, unsigned int8 n) 
.................... { 
....................   #if defined(__PCB__) 
....................    set_tris_lcd(LCD_OUTPUT_MAP); 
....................   #else 
....................    lcd_enable_tris(); 
*
0059:  BSF    03.5
005A:  BCF    08.0
....................    lcd_rs_tris(); 
005B:  BCF    08.1
....................    lcd_rw_tris(); 
005C:  BCF    08.2
....................   #endif 
....................  
....................    lcd_output_rs(0); 
005D:  BCF    03.5
005E:  BCF    08.1
....................    while ( bit_test(lcd_read_byte(),7) ) ; 
*
0082:  MOVF   78,W
0083:  MOVWF  45
0084:  BTFSC  45.7
0085:  GOTO   05F
....................    lcd_output_rs(address); 
0086:  BTFSS  43.0
0087:  BCF    08.1
0088:  BTFSC  43.0
0089:  BSF    08.1
....................    delay_cycles(1); 
008A:  NOP
....................    lcd_output_rw(0); 
008B:  BCF    08.2
....................    delay_cycles(1); 
008C:  NOP
....................    lcd_output_enable(0); 
008D:  BCF    08.0
....................    lcd_send_nibble(n >> 4); 
008E:  SWAPF  44,W
008F:  MOVWF  45
0090:  MOVLW  0F
0091:  ANDWF  45,F
0092:  MOVF   45,W
0093:  MOVWF  46
0094:  CALL   042
....................    lcd_send_nibble(n & 0xf); 
0095:  MOVF   44,W
0096:  ANDLW  0F
0097:  MOVWF  45
0098:  MOVWF  46
0099:  CALL   042
009A:  RETURN
.................... } 
....................  
.................... #if defined(LCD_EXTENDED_NEWLINE) 
.................... unsigned int8 g_LcdX, g_LcdY; 
.................... #endif 
....................  
.................... void lcd_init(void)  
.................... { 
....................    unsigned int8 i; 
....................  
....................  #if defined(__PCB__) 
....................    set_tris_lcd(LCD_OUTPUT_MAP); 
....................  #else 
....................   #if (defined(LCD_DATA4) && defined(LCD_DATA5) && defined(LCD_DATA6) && defined(LCD_DATA7)) 
....................    output_drive(LCD_DATA4); 
....................    output_drive(LCD_DATA5); 
....................    output_drive(LCD_DATA6); 
....................    output_drive(LCD_DATA7); 
....................   #else 
....................    lcdtris.data = 0x0; 
009B:  MOVLW  0F
009C:  BSF    03.5
009D:  ANDWF  08,W
009E:  MOVWF  08
....................   #endif 
....................    lcd_enable_tris(); 
009F:  BCF    08.0
....................    lcd_rs_tris(); 
00A0:  BCF    08.1
....................    lcd_rw_tris(); 
00A1:  BCF    08.2
....................  #endif 
....................  
....................    lcd_output_rs(0); 
00A2:  BCF    03.5
00A3:  BCF    08.1
....................    lcd_output_rw(0); 
00A4:  BCF    08.2
....................    lcd_output_enable(0); 
00A5:  BCF    08.0
....................      
....................    delay_ms(15); 
00A6:  MOVLW  0F
00A7:  MOVWF  3F
00A8:  CALL   02E
....................    for(i=1;i<=3;++i) 
00A9:  MOVLW  01
00AA:  MOVWF  31
00AB:  MOVF   31,W
00AC:  SUBLW  03
00AD:  BTFSS  03.0
00AE:  GOTO   0B7
....................    { 
....................        lcd_send_nibble(3); 
00AF:  MOVLW  03
00B0:  MOVWF  46
00B1:  CALL   042
....................        delay_ms(5); 
00B2:  MOVLW  05
00B3:  MOVWF  3F
00B4:  CALL   02E
00B5:  INCF   31,F
00B6:  GOTO   0AB
....................    } 
....................     
....................    lcd_send_nibble(2); 
00B7:  MOVLW  02
00B8:  MOVWF  46
00B9:  CALL   042
....................    delay_ms(5); 
00BA:  MOVLW  05
00BB:  MOVWF  3F
00BC:  CALL   02E
....................    for(i=0;i<=3;++i) 
00BD:  CLRF   31
00BE:  MOVF   31,W
00BF:  SUBLW  03
00C0:  BTFSS  03.0
00C1:  GOTO   0CB
....................       lcd_send_byte(0,LCD_INIT_STRING[i]); 
00C2:  MOVF   31,W
00C3:  CALL   004
00C4:  MOVWF  32
00C5:  CLRF   43
00C6:  MOVF   32,W
00C7:  MOVWF  44
00C8:  CALL   059
....................  
....................   #if defined(LCD_EXTENDED_NEWLINE) 
00C9:  INCF   31,F
00CA:  GOTO   0BE
00CB:  BCF    0A.3
00CC:  BCF    0A.4
00CD:  GOTO   42F (RETURN)
....................    g_LcdX = 0; 
....................    g_LcdY = 0; 
....................   #endif 
.................... } 
....................  
.................... void lcd_gotoxy(unsigned int8 x, unsigned int8 y) 
.................... { 
....................    unsigned int8 address; 
....................     
....................    if(y!=1) 
00CE:  DECFSZ 40,W
00CF:  GOTO   0D1
00D0:  GOTO   0D4
....................       address=LCD_LINE_TWO; 
00D1:  MOVLW  40
00D2:  MOVWF  41
00D3:  GOTO   0D5
....................    else 
....................       address=0; 
00D4:  CLRF   41
....................       
....................    address+=x-1; 
00D5:  MOVLW  01
00D6:  SUBWF  3F,W
00D7:  ADDWF  41,F
....................    lcd_send_byte(0,0x80|address); 
00D8:  MOVF   41,W
00D9:  IORLW  80
00DA:  MOVWF  42
00DB:  CLRF   43
00DC:  MOVF   42,W
00DD:  MOVWF  44
00DE:  CALL   059
....................  
....................   #if defined(LCD_EXTENDED_NEWLINE) 
00DF:  RETURN
....................    g_LcdX = x - 1; 
....................    g_LcdY = y - 1; 
....................   #endif 
.................... } 
....................  
.................... void lcd_putc(char c) 
.................... { 
....................    switch (c) 
00E0:  MOVF   3E,W
00E1:  XORLW  07
00E2:  BTFSC  03.2
00E3:  GOTO   0EE
00E4:  XORLW  0B
00E5:  BTFSC  03.2
00E6:  GOTO   0F3
00E7:  XORLW  06
00E8:  BTFSC  03.2
00E9:  GOTO   0FB
00EA:  XORLW  02
00EB:  BTFSC  03.2
00EC:  GOTO   101
00ED:  GOTO   106
....................    { 
....................       case '\a'   :  lcd_gotoxy(1,1);     break; 
00EE:  MOVLW  01
00EF:  MOVWF  3F
00F0:  MOVWF  40
00F1:  CALL   0CE
00F2:  GOTO   10B
....................  
....................       case '\f'   :  lcd_send_byte(0,1); 
00F3:  CLRF   43
00F4:  MOVLW  01
00F5:  MOVWF  44
00F6:  CALL   059
....................                      delay_ms(2); 
00F7:  MOVLW  02
00F8:  MOVWF  3F
00F9:  CALL   02E
....................                     #if defined(LCD_EXTENDED_NEWLINE) 
....................                      g_LcdX = 0; 
....................                      g_LcdY = 0; 
....................                     #endif 
....................                      break; 
00FA:  GOTO   10B
....................  
....................      #if defined(LCD_EXTENDED_NEWLINE) 
....................       case '\r'   :  lcd_gotoxy(1, g_LcdY+1);   break; 
....................       case '\n'   : 
....................          while (g_LcdX++ < LCD_LINE_LENGTH) 
....................          { 
....................             lcd_send_byte(1, ' '); 
....................          } 
....................          lcd_gotoxy(1, g_LcdY+2); 
....................          break; 
....................      #else 
....................       case '\n'   : lcd_gotoxy(1,2);        break; 
00FB:  MOVLW  01
00FC:  MOVWF  3F
00FD:  MOVLW  02
00FE:  MOVWF  40
00FF:  CALL   0CE
0100:  GOTO   10B
....................      #endif 
....................       
....................       case '\b'   : lcd_send_byte(0,0x10);  break; 
0101:  CLRF   43
0102:  MOVLW  10
0103:  MOVWF  44
0104:  CALL   059
0105:  GOTO   10B
....................       
....................      #if defined(LCD_EXTENDED_NEWLINE) 
....................       default     :  
....................          if (g_LcdX < LCD_LINE_LENGTH) 
....................          { 
....................             lcd_send_byte(1, c); 
....................             g_LcdX++; 
....................          } 
....................          break; 
....................      #else 
....................       default     : lcd_send_byte(1,c);     break; 
0106:  MOVLW  01
0107:  MOVWF  43
0108:  MOVF   3E,W
0109:  MOVWF  44
010A:  CALL   059
....................      #endif 
....................    } 
010B:  RETURN
.................... } 
....................   
.................... char lcd_getc(unsigned int8 x, unsigned int8 y) 
.................... { 
....................    char value; 
....................  
....................    lcd_gotoxy(x,y); 
....................    while ( bit_test(lcd_read_byte(),7) ); // wait until busy flag is low 
....................    lcd_output_rs(1); 
....................    value = lcd_read_byte(); 
....................    lcd_output_rs(0); 
....................     
....................    return(value); 
.................... } 
....................  
.................... // write a custom character to the ram 
.................... // which is 0-7 and specifies which character array we are modifying. 
.................... // ptr points to an array of 8 bytes, where each byte is the next row of 
.................... //    pixels.  only bits 0-4 are used.  the last row is the cursor row, and 
.................... //    usually you will want to leave this byte 0x00. 
.................... void lcd_set_cgram_char(unsigned int8 which, unsigned int8 *ptr) 
.................... { 
....................    unsigned int i; 
....................  
....................    which <<= 3; 
....................    which &= 0x38; 
....................  
....................    lcd_send_byte(0, 0x40 | which);  //set cgram address 
....................  
....................    for(i=0; i<8; i++) 
....................    { 
....................       lcd_send_byte(1, *ptr++); 
....................    } 
....................    
....................    #if defined(LCD_EXTENDED_NEWLINE) 
....................     lcd_gotoxy(g_LcdX+1, g_LcdY+1);  //set ddram address 
....................    #endif 
.................... } 
....................  
.................... void lcd_cursor_on(int1 on) 
.................... { 
....................    if (on) 
....................    { 
....................       lcd_send_byte(0,0x0F);           //turn LCD cursor ON 
....................    } 
....................    else 
....................    { 
....................       lcd_send_byte(0,0x0C);           //turn LCD cursor OFF 
....................    } 
.................... } 
....................  
.................... #endif 
....................  
....................  
.................... #use rs232(baud = 9600, rcv = pin_c7, parity = N, stop = 1) // RX-TX 
*
0800:  BSF    20.7
0801:  MOVF   20,W
0802:  BSF    03.5
0803:  MOVWF  07
0804:  BCF    03.5
0805:  BTFSC  07.7
0806:  GOTO   005
0807:  MOVLW  08
0808:  MOVWF  77
0809:  CLRF   31
080A:  BSF    77.7
080B:  GOTO   01A
080C:  BCF    77.7
080D:  GOTO   01A
080E:  BCF    03.0
080F:  BTFSC  07.7
0810:  BSF    03.0
0811:  RRF    31,F
0812:  BSF    77.6
0813:  GOTO   01A
0814:  BCF    77.6
0815:  DECFSZ 77,F
0816:  GOTO   00E
0817:  MOVF   31,W
0818:  MOVWF  78
0819:  GOTO   026
081A:  MOVLW  A7
081B:  BTFSC  77.7
081C:  MOVLW  2D
081D:  MOVWF  78
081E:  DECFSZ 78,F
081F:  GOTO   01E
0820:  NOP
0821:  BTFSC  77.7
0822:  GOTO   00C
0823:  BTFSC  77.6
0824:  GOTO   014
0825:  GOTO   00E
....................  
.................... char al;                                      //okunacak deeri tutan degisken 
.................... float sayi1 = 0, sayi = 0, sonuc = 0;         //islemler icin gerekli degiskenler 
.................... int x=0, islem = 0, i = 0;                    //islemler icin gerekli degiskenler 
....................  
.................... islem_sec(); 
.................... void sayiyap_yazdir()                    //sayi olusturma fonksyonu 
.................... {      
....................      al=getc();                       //diger picden veri alma 
0826:  MOVF   78,W
0827:  MOVWF  21
....................      //---------------------------------------------------------------------------------------------------------------------------------------------- 
....................   
....................      if(al == '7'){ 
0828:  MOVF   21,W
0829:  SUBLW  37
082A:  BTFSS  03.2
082B:  GOTO   07F
....................       i++; 
082C:  INCF   30,F
....................       if(i == 1){ 
082D:  DECFSZ 30,W
082E:  GOTO   034
....................          printf(lcd_putc,"\f");} //i bir se sfrla 
082F:  MOVLW  0C
0830:  MOVWF  3E
0831:  BCF    0A.3
0832:  CALL   0E0
0833:  BSF    0A.3
....................       while(al == "7");          //Tekrar baslana kadar bidaha dndrme 
0834:  MOVLW  00
0835:  MOVWF  7A
0836:  MOVLW  0C
0837:  SUBWF  21,W
0838:  BTFSS  03.2
0839:  GOTO   03D
083A:  MOVF   7A,F
083B:  BTFSC  03.2
083C:  GOTO   034
....................       printf(lcd_putc,"7");      //bastir 
083D:  MOVLW  37
083E:  MOVWF  3E
083F:  BCF    0A.3
0840:  CALL   0E0
0841:  BSF    0A.3
....................       x=7;                       //x i doldur 
0842:  MOVLW  07
0843:  MOVWF  2E
....................       sayi=sayi*10 +x;           //sayiyi olustur 
0844:  MOVF   29,W
0845:  MOVWF  41
0846:  MOVF   28,W
0847:  MOVWF  40
0848:  MOVF   27,W
0849:  MOVWF  3F
084A:  MOVF   26,W
084B:  MOVWF  3E
084C:  CLRF   45
084D:  CLRF   44
084E:  MOVLW  20
084F:  MOVWF  43
0850:  MOVLW  82
0851:  MOVWF  42
0852:  BCF    0A.3
0853:  CALL   10C
0854:  BSF    0A.3
0855:  MOVF   7A,W
0856:  MOVWF  34
0857:  MOVF   79,W
0858:  MOVWF  33
0859:  MOVF   78,W
085A:  MOVWF  32
085B:  MOVF   77,W
085C:  MOVWF  31
085D:  CLRF   36
085E:  MOVF   2E,W
085F:  MOVWF  35
0860:  BCF    0A.3
0861:  CALL   181
0862:  BSF    0A.3
0863:  BCF    03.1
0864:  MOVF   34,W
0865:  MOVWF  38
0866:  MOVF   33,W
0867:  MOVWF  37
0868:  MOVF   32,W
0869:  MOVWF  36
086A:  MOVF   31,W
086B:  MOVWF  35
086C:  MOVF   7A,W
086D:  MOVWF  3C
086E:  MOVF   79,W
086F:  MOVWF  3B
0870:  MOVF   78,W
0871:  MOVWF  3A
0872:  MOVF   77,W
0873:  MOVWF  39
0874:  BCF    0A.3
0875:  CALL   19E
0876:  BSF    0A.3
0877:  MOVF   7A,W
0878:  MOVWF  29
0879:  MOVF   79,W
087A:  MOVWF  28
087B:  MOVF   78,W
087C:  MOVWF  27
087D:  MOVF   77,W
087E:  MOVWF  26
....................      } 
....................       
....................      if(al=='8'){i++;if(i==1){printf(lcd_putc,"\f");} while(al == "8"); printf(lcd_putc,"8");  x=8; sayi=sayi*10 +x;} 
087F:  MOVF   21,W
0880:  SUBLW  38
0881:  BTFSS  03.2
0882:  GOTO   0D6
0883:  INCF   30,F
0884:  DECFSZ 30,W
0885:  GOTO   08B
0886:  MOVLW  0C
0887:  MOVWF  3E
0888:  BCF    0A.3
0889:  CALL   0E0
088A:  BSF    0A.3
088B:  MOVLW  00
088C:  MOVWF  7A
088D:  MOVLW  0E
088E:  SUBWF  21,W
088F:  BTFSS  03.2
0890:  GOTO   094
0891:  MOVF   7A,F
0892:  BTFSC  03.2
0893:  GOTO   08B
0894:  MOVLW  38
0895:  MOVWF  3E
0896:  BCF    0A.3
0897:  CALL   0E0
0898:  BSF    0A.3
0899:  MOVLW  08
089A:  MOVWF  2E
089B:  MOVF   29,W
089C:  MOVWF  41
089D:  MOVF   28,W
089E:  MOVWF  40
089F:  MOVF   27,W
08A0:  MOVWF  3F
08A1:  MOVF   26,W
08A2:  MOVWF  3E
08A3:  CLRF   45
08A4:  CLRF   44
08A5:  MOVLW  20
08A6:  MOVWF  43
08A7:  MOVLW  82
08A8:  MOVWF  42
08A9:  BCF    0A.3
08AA:  CALL   10C
08AB:  BSF    0A.3
08AC:  MOVF   7A,W
08AD:  MOVWF  34
08AE:  MOVF   79,W
08AF:  MOVWF  33
08B0:  MOVF   78,W
08B1:  MOVWF  32
08B2:  MOVF   77,W
08B3:  MOVWF  31
08B4:  CLRF   36
08B5:  MOVF   2E,W
08B6:  MOVWF  35
08B7:  BCF    0A.3
08B8:  CALL   181
08B9:  BSF    0A.3
08BA:  BCF    03.1
08BB:  MOVF   34,W
08BC:  MOVWF  38
08BD:  MOVF   33,W
08BE:  MOVWF  37
08BF:  MOVF   32,W
08C0:  MOVWF  36
08C1:  MOVF   31,W
08C2:  MOVWF  35
08C3:  MOVF   7A,W
08C4:  MOVWF  3C
08C5:  MOVF   79,W
08C6:  MOVWF  3B
08C7:  MOVF   78,W
08C8:  MOVWF  3A
08C9:  MOVF   77,W
08CA:  MOVWF  39
08CB:  BCF    0A.3
08CC:  CALL   19E
08CD:  BSF    0A.3
08CE:  MOVF   7A,W
08CF:  MOVWF  29
08D0:  MOVF   79,W
08D1:  MOVWF  28
08D2:  MOVF   78,W
08D3:  MOVWF  27
08D4:  MOVF   77,W
08D5:  MOVWF  26
....................      if(al=='9'){i++;if(i==1){printf(lcd_putc,"\f");} while(al == "9");  printf(lcd_putc,"9");  x=9; sayi=sayi*10 +x;}    
08D6:  MOVF   21,W
08D7:  SUBLW  39
08D8:  BTFSS  03.2
08D9:  GOTO   12D
08DA:  INCF   30,F
08DB:  DECFSZ 30,W
08DC:  GOTO   0E2
08DD:  MOVLW  0C
08DE:  MOVWF  3E
08DF:  BCF    0A.3
08E0:  CALL   0E0
08E1:  BSF    0A.3
08E2:  MOVLW  00
08E3:  MOVWF  7A
08E4:  MOVLW  10
08E5:  SUBWF  21,W
08E6:  BTFSS  03.2
08E7:  GOTO   0EB
08E8:  MOVF   7A,F
08E9:  BTFSC  03.2
08EA:  GOTO   0E2
08EB:  MOVLW  39
08EC:  MOVWF  3E
08ED:  BCF    0A.3
08EE:  CALL   0E0
08EF:  BSF    0A.3
08F0:  MOVLW  09
08F1:  MOVWF  2E
08F2:  MOVF   29,W
08F3:  MOVWF  41
08F4:  MOVF   28,W
08F5:  MOVWF  40
08F6:  MOVF   27,W
08F7:  MOVWF  3F
08F8:  MOVF   26,W
08F9:  MOVWF  3E
08FA:  CLRF   45
08FB:  CLRF   44
08FC:  MOVLW  20
08FD:  MOVWF  43
08FE:  MOVLW  82
08FF:  MOVWF  42
0900:  BCF    0A.3
0901:  CALL   10C
0902:  BSF    0A.3
0903:  MOVF   7A,W
0904:  MOVWF  34
0905:  MOVF   79,W
0906:  MOVWF  33
0907:  MOVF   78,W
0908:  MOVWF  32
0909:  MOVF   77,W
090A:  MOVWF  31
090B:  CLRF   36
090C:  MOVF   2E,W
090D:  MOVWF  35
090E:  BCF    0A.3
090F:  CALL   181
0910:  BSF    0A.3
0911:  BCF    03.1
0912:  MOVF   34,W
0913:  MOVWF  38
0914:  MOVF   33,W
0915:  MOVWF  37
0916:  MOVF   32,W
0917:  MOVWF  36
0918:  MOVF   31,W
0919:  MOVWF  35
091A:  MOVF   7A,W
091B:  MOVWF  3C
091C:  MOVF   79,W
091D:  MOVWF  3B
091E:  MOVF   78,W
091F:  MOVWF  3A
0920:  MOVF   77,W
0921:  MOVWF  39
0922:  BCF    0A.3
0923:  CALL   19E
0924:  BSF    0A.3
0925:  MOVF   7A,W
0926:  MOVWF  29
0927:  MOVF   79,W
0928:  MOVWF  28
0929:  MOVF   78,W
092A:  MOVWF  27
092B:  MOVF   77,W
092C:  MOVWF  26
....................      if(al=='/'){i++;if(i==1){printf(lcd_putc,"\f");} while(al == "/"); printf(lcd_putc,"/"); sayi1=sayi;     islem=4;     sayi=0;  }   // bolme 
092D:  MOVF   21,W
092E:  SUBLW  2F
092F:  BTFSS  03.2
0930:  GOTO   155
0931:  INCF   30,F
0932:  DECFSZ 30,W
0933:  GOTO   139
0934:  MOVLW  0C
0935:  MOVWF  3E
0936:  BCF    0A.3
0937:  CALL   0E0
0938:  BSF    0A.3
0939:  MOVLW  00
093A:  MOVWF  7A
093B:  MOVLW  12
093C:  SUBWF  21,W
093D:  BTFSS  03.2
093E:  GOTO   142
093F:  MOVF   7A,F
0940:  BTFSC  03.2
0941:  GOTO   139
0942:  MOVLW  2F
0943:  MOVWF  3E
0944:  BCF    0A.3
0945:  CALL   0E0
0946:  BSF    0A.3
0947:  MOVF   29,W
0948:  MOVWF  25
0949:  MOVF   28,W
094A:  MOVWF  24
094B:  MOVF   27,W
094C:  MOVWF  23
094D:  MOVF   26,W
094E:  MOVWF  22
094F:  MOVLW  04
0950:  MOVWF  2F
0951:  CLRF   29
0952:  CLRF   28
0953:  CLRF   27
0954:  CLRF   26
....................       //---------------------------------------------------------------------------------------------------------------------------------------------- 
....................      if(al=='4'){i++;if(i==1){printf(lcd_putc,"\f");} while(al == "4"); printf(lcd_putc,"4"); x=4; sayi=sayi*10 +x; }   
0955:  MOVF   21,W
0956:  SUBLW  34
0957:  BTFSS  03.2
0958:  GOTO   1AC
0959:  INCF   30,F
095A:  DECFSZ 30,W
095B:  GOTO   161
095C:  MOVLW  0C
095D:  MOVWF  3E
095E:  BCF    0A.3
095F:  CALL   0E0
0960:  BSF    0A.3
0961:  MOVLW  00
0962:  MOVWF  7A
0963:  MOVLW  14
0964:  SUBWF  21,W
0965:  BTFSS  03.2
0966:  GOTO   16A
0967:  MOVF   7A,F
0968:  BTFSC  03.2
0969:  GOTO   161
096A:  MOVLW  34
096B:  MOVWF  3E
096C:  BCF    0A.3
096D:  CALL   0E0
096E:  BSF    0A.3
096F:  MOVLW  04
0970:  MOVWF  2E
0971:  MOVF   29,W
0972:  MOVWF  41
0973:  MOVF   28,W
0974:  MOVWF  40
0975:  MOVF   27,W
0976:  MOVWF  3F
0977:  MOVF   26,W
0978:  MOVWF  3E
0979:  CLRF   45
097A:  CLRF   44
097B:  MOVLW  20
097C:  MOVWF  43
097D:  MOVLW  82
097E:  MOVWF  42
097F:  BCF    0A.3
0980:  CALL   10C
0981:  BSF    0A.3
0982:  MOVF   7A,W
0983:  MOVWF  34
0984:  MOVF   79,W
0985:  MOVWF  33
0986:  MOVF   78,W
0987:  MOVWF  32
0988:  MOVF   77,W
0989:  MOVWF  31
098A:  CLRF   36
098B:  MOVF   2E,W
098C:  MOVWF  35
098D:  BCF    0A.3
098E:  CALL   181
098F:  BSF    0A.3
0990:  BCF    03.1
0991:  MOVF   34,W
0992:  MOVWF  38
0993:  MOVF   33,W
0994:  MOVWF  37
0995:  MOVF   32,W
0996:  MOVWF  36
0997:  MOVF   31,W
0998:  MOVWF  35
0999:  MOVF   7A,W
099A:  MOVWF  3C
099B:  MOVF   79,W
099C:  MOVWF  3B
099D:  MOVF   78,W
099E:  MOVWF  3A
099F:  MOVF   77,W
09A0:  MOVWF  39
09A1:  BCF    0A.3
09A2:  CALL   19E
09A3:  BSF    0A.3
09A4:  MOVF   7A,W
09A5:  MOVWF  29
09A6:  MOVF   79,W
09A7:  MOVWF  28
09A8:  MOVF   78,W
09A9:  MOVWF  27
09AA:  MOVF   77,W
09AB:  MOVWF  26
....................      if(al=='5'){i++;if(i==1){printf(lcd_putc,"\f");} while(al == "5"); printf(lcd_putc,"5");  x=5; sayi=sayi*10 +x;}   
09AC:  MOVF   21,W
09AD:  SUBLW  35
09AE:  BTFSS  03.2
09AF:  GOTO   203
09B0:  INCF   30,F
09B1:  DECFSZ 30,W
09B2:  GOTO   1B8
09B3:  MOVLW  0C
09B4:  MOVWF  3E
09B5:  BCF    0A.3
09B6:  CALL   0E0
09B7:  BSF    0A.3
09B8:  MOVLW  00
09B9:  MOVWF  7A
09BA:  MOVLW  16
09BB:  SUBWF  21,W
09BC:  BTFSS  03.2
09BD:  GOTO   1C1
09BE:  MOVF   7A,F
09BF:  BTFSC  03.2
09C0:  GOTO   1B8
09C1:  MOVLW  35
09C2:  MOVWF  3E
09C3:  BCF    0A.3
09C4:  CALL   0E0
09C5:  BSF    0A.3
09C6:  MOVLW  05
09C7:  MOVWF  2E
09C8:  MOVF   29,W
09C9:  MOVWF  41
09CA:  MOVF   28,W
09CB:  MOVWF  40
09CC:  MOVF   27,W
09CD:  MOVWF  3F
09CE:  MOVF   26,W
09CF:  MOVWF  3E
09D0:  CLRF   45
09D1:  CLRF   44
09D2:  MOVLW  20
09D3:  MOVWF  43
09D4:  MOVLW  82
09D5:  MOVWF  42
09D6:  BCF    0A.3
09D7:  CALL   10C
09D8:  BSF    0A.3
09D9:  MOVF   7A,W
09DA:  MOVWF  34
09DB:  MOVF   79,W
09DC:  MOVWF  33
09DD:  MOVF   78,W
09DE:  MOVWF  32
09DF:  MOVF   77,W
09E0:  MOVWF  31
09E1:  CLRF   36
09E2:  MOVF   2E,W
09E3:  MOVWF  35
09E4:  BCF    0A.3
09E5:  CALL   181
09E6:  BSF    0A.3
09E7:  BCF    03.1
09E8:  MOVF   34,W
09E9:  MOVWF  38
09EA:  MOVF   33,W
09EB:  MOVWF  37
09EC:  MOVF   32,W
09ED:  MOVWF  36
09EE:  MOVF   31,W
09EF:  MOVWF  35
09F0:  MOVF   7A,W
09F1:  MOVWF  3C
09F2:  MOVF   79,W
09F3:  MOVWF  3B
09F4:  MOVF   78,W
09F5:  MOVWF  3A
09F6:  MOVF   77,W
09F7:  MOVWF  39
09F8:  BCF    0A.3
09F9:  CALL   19E
09FA:  BSF    0A.3
09FB:  MOVF   7A,W
09FC:  MOVWF  29
09FD:  MOVF   79,W
09FE:  MOVWF  28
09FF:  MOVF   78,W
0A00:  MOVWF  27
0A01:  MOVF   77,W
0A02:  MOVWF  26
....................      if(al=='6'){i++;if(i==1){printf(lcd_putc,"\f");}while(al == "6"); printf(lcd_putc,"6");  x=6; sayi=sayi*10 +x;}   
0A03:  MOVF   21,W
0A04:  SUBLW  36
0A05:  BTFSS  03.2
0A06:  GOTO   25A
0A07:  INCF   30,F
0A08:  DECFSZ 30,W
0A09:  GOTO   20F
0A0A:  MOVLW  0C
0A0B:  MOVWF  3E
0A0C:  BCF    0A.3
0A0D:  CALL   0E0
0A0E:  BSF    0A.3
0A0F:  MOVLW  00
0A10:  MOVWF  7A
0A11:  MOVLW  18
0A12:  SUBWF  21,W
0A13:  BTFSS  03.2
0A14:  GOTO   218
0A15:  MOVF   7A,F
0A16:  BTFSC  03.2
0A17:  GOTO   20F
0A18:  MOVLW  36
0A19:  MOVWF  3E
0A1A:  BCF    0A.3
0A1B:  CALL   0E0
0A1C:  BSF    0A.3
0A1D:  MOVLW  06
0A1E:  MOVWF  2E
0A1F:  MOVF   29,W
0A20:  MOVWF  41
0A21:  MOVF   28,W
0A22:  MOVWF  40
0A23:  MOVF   27,W
0A24:  MOVWF  3F
0A25:  MOVF   26,W
0A26:  MOVWF  3E
0A27:  CLRF   45
0A28:  CLRF   44
0A29:  MOVLW  20
0A2A:  MOVWF  43
0A2B:  MOVLW  82
0A2C:  MOVWF  42
0A2D:  BCF    0A.3
0A2E:  CALL   10C
0A2F:  BSF    0A.3
0A30:  MOVF   7A,W
0A31:  MOVWF  34
0A32:  MOVF   79,W
0A33:  MOVWF  33
0A34:  MOVF   78,W
0A35:  MOVWF  32
0A36:  MOVF   77,W
0A37:  MOVWF  31
0A38:  CLRF   36
0A39:  MOVF   2E,W
0A3A:  MOVWF  35
0A3B:  BCF    0A.3
0A3C:  CALL   181
0A3D:  BSF    0A.3
0A3E:  BCF    03.1
0A3F:  MOVF   34,W
0A40:  MOVWF  38
0A41:  MOVF   33,W
0A42:  MOVWF  37
0A43:  MOVF   32,W
0A44:  MOVWF  36
0A45:  MOVF   31,W
0A46:  MOVWF  35
0A47:  MOVF   7A,W
0A48:  MOVWF  3C
0A49:  MOVF   79,W
0A4A:  MOVWF  3B
0A4B:  MOVF   78,W
0A4C:  MOVWF  3A
0A4D:  MOVF   77,W
0A4E:  MOVWF  39
0A4F:  BCF    0A.3
0A50:  CALL   19E
0A51:  BSF    0A.3
0A52:  MOVF   7A,W
0A53:  MOVWF  29
0A54:  MOVF   79,W
0A55:  MOVWF  28
0A56:  MOVF   78,W
0A57:  MOVWF  27
0A58:  MOVF   77,W
0A59:  MOVWF  26
....................      if(al=='*'){i++;if(i==1){printf(lcd_putc,"\f");} while(al == "*"); printf(lcd_putc,"*"); sayi1=sayi;    islem=3;   sayi=0;}  // carpma 
0A5A:  MOVF   21,W
0A5B:  SUBLW  2A
0A5C:  BTFSS  03.2
0A5D:  GOTO   282
0A5E:  INCF   30,F
0A5F:  DECFSZ 30,W
0A60:  GOTO   266
0A61:  MOVLW  0C
0A62:  MOVWF  3E
0A63:  BCF    0A.3
0A64:  CALL   0E0
0A65:  BSF    0A.3
0A66:  MOVLW  00
0A67:  MOVWF  7A
0A68:  MOVLW  1A
0A69:  SUBWF  21,W
0A6A:  BTFSS  03.2
0A6B:  GOTO   26F
0A6C:  MOVF   7A,F
0A6D:  BTFSC  03.2
0A6E:  GOTO   266
0A6F:  MOVLW  2A
0A70:  MOVWF  3E
0A71:  BCF    0A.3
0A72:  CALL   0E0
0A73:  BSF    0A.3
0A74:  MOVF   29,W
0A75:  MOVWF  25
0A76:  MOVF   28,W
0A77:  MOVWF  24
0A78:  MOVF   27,W
0A79:  MOVWF  23
0A7A:  MOVF   26,W
0A7B:  MOVWF  22
0A7C:  MOVLW  03
0A7D:  MOVWF  2F
0A7E:  CLRF   29
0A7F:  CLRF   28
0A80:  CLRF   27
0A81:  CLRF   26
....................       //----------------------------------------------------------------------------------------------------------------------------------------------- 
....................      if(al=='1'){i++;if(i==1){printf(lcd_putc,"\f");} while(al=="1"); printf(lcd_putc,"1"); x=1; sayi=sayi*10 +x; } 
0A82:  MOVF   21,W
0A83:  SUBLW  31
0A84:  BTFSS  03.2
0A85:  GOTO   2D9
0A86:  INCF   30,F
0A87:  DECFSZ 30,W
0A88:  GOTO   28E
0A89:  MOVLW  0C
0A8A:  MOVWF  3E
0A8B:  BCF    0A.3
0A8C:  CALL   0E0
0A8D:  BSF    0A.3
0A8E:  MOVLW  00
0A8F:  MOVWF  7A
0A90:  MOVLW  1C
0A91:  SUBWF  21,W
0A92:  BTFSS  03.2
0A93:  GOTO   297
0A94:  MOVF   7A,F
0A95:  BTFSC  03.2
0A96:  GOTO   28E
0A97:  MOVLW  31
0A98:  MOVWF  3E
0A99:  BCF    0A.3
0A9A:  CALL   0E0
0A9B:  BSF    0A.3
0A9C:  MOVLW  01
0A9D:  MOVWF  2E
0A9E:  MOVF   29,W
0A9F:  MOVWF  41
0AA0:  MOVF   28,W
0AA1:  MOVWF  40
0AA2:  MOVF   27,W
0AA3:  MOVWF  3F
0AA4:  MOVF   26,W
0AA5:  MOVWF  3E
0AA6:  CLRF   45
0AA7:  CLRF   44
0AA8:  MOVLW  20
0AA9:  MOVWF  43
0AAA:  MOVLW  82
0AAB:  MOVWF  42
0AAC:  BCF    0A.3
0AAD:  CALL   10C
0AAE:  BSF    0A.3
0AAF:  MOVF   7A,W
0AB0:  MOVWF  34
0AB1:  MOVF   79,W
0AB2:  MOVWF  33
0AB3:  MOVF   78,W
0AB4:  MOVWF  32
0AB5:  MOVF   77,W
0AB6:  MOVWF  31
0AB7:  CLRF   36
0AB8:  MOVF   2E,W
0AB9:  MOVWF  35
0ABA:  BCF    0A.3
0ABB:  CALL   181
0ABC:  BSF    0A.3
0ABD:  BCF    03.1
0ABE:  MOVF   34,W
0ABF:  MOVWF  38
0AC0:  MOVF   33,W
0AC1:  MOVWF  37
0AC2:  MOVF   32,W
0AC3:  MOVWF  36
0AC4:  MOVF   31,W
0AC5:  MOVWF  35
0AC6:  MOVF   7A,W
0AC7:  MOVWF  3C
0AC8:  MOVF   79,W
0AC9:  MOVWF  3B
0ACA:  MOVF   78,W
0ACB:  MOVWF  3A
0ACC:  MOVF   77,W
0ACD:  MOVWF  39
0ACE:  BCF    0A.3
0ACF:  CALL   19E
0AD0:  BSF    0A.3
0AD1:  MOVF   7A,W
0AD2:  MOVWF  29
0AD3:  MOVF   79,W
0AD4:  MOVWF  28
0AD5:  MOVF   78,W
0AD6:  MOVWF  27
0AD7:  MOVF   77,W
0AD8:  MOVWF  26
....................      if(al=='2'){i++;if(i==1){printf(lcd_putc,"\f");} while(al=="2"); printf(lcd_putc,"2");  x=2; sayi=sayi*10 +x;}   
0AD9:  MOVF   21,W
0ADA:  SUBLW  32
0ADB:  BTFSS  03.2
0ADC:  GOTO   330
0ADD:  INCF   30,F
0ADE:  DECFSZ 30,W
0ADF:  GOTO   2E5
0AE0:  MOVLW  0C
0AE1:  MOVWF  3E
0AE2:  BCF    0A.3
0AE3:  CALL   0E0
0AE4:  BSF    0A.3
0AE5:  MOVLW  00
0AE6:  MOVWF  7A
0AE7:  MOVLW  1E
0AE8:  SUBWF  21,W
0AE9:  BTFSS  03.2
0AEA:  GOTO   2EE
0AEB:  MOVF   7A,F
0AEC:  BTFSC  03.2
0AED:  GOTO   2E5
0AEE:  MOVLW  32
0AEF:  MOVWF  3E
0AF0:  BCF    0A.3
0AF1:  CALL   0E0
0AF2:  BSF    0A.3
0AF3:  MOVLW  02
0AF4:  MOVWF  2E
0AF5:  MOVF   29,W
0AF6:  MOVWF  41
0AF7:  MOVF   28,W
0AF8:  MOVWF  40
0AF9:  MOVF   27,W
0AFA:  MOVWF  3F
0AFB:  MOVF   26,W
0AFC:  MOVWF  3E
0AFD:  CLRF   45
0AFE:  CLRF   44
0AFF:  MOVLW  20
0B00:  MOVWF  43
0B01:  MOVLW  82
0B02:  MOVWF  42
0B03:  BCF    0A.3
0B04:  CALL   10C
0B05:  BSF    0A.3
0B06:  MOVF   7A,W
0B07:  MOVWF  34
0B08:  MOVF   79,W
0B09:  MOVWF  33
0B0A:  MOVF   78,W
0B0B:  MOVWF  32
0B0C:  MOVF   77,W
0B0D:  MOVWF  31
0B0E:  CLRF   36
0B0F:  MOVF   2E,W
0B10:  MOVWF  35
0B11:  BCF    0A.3
0B12:  CALL   181
0B13:  BSF    0A.3
0B14:  BCF    03.1
0B15:  MOVF   34,W
0B16:  MOVWF  38
0B17:  MOVF   33,W
0B18:  MOVWF  37
0B19:  MOVF   32,W
0B1A:  MOVWF  36
0B1B:  MOVF   31,W
0B1C:  MOVWF  35
0B1D:  MOVF   7A,W
0B1E:  MOVWF  3C
0B1F:  MOVF   79,W
0B20:  MOVWF  3B
0B21:  MOVF   78,W
0B22:  MOVWF  3A
0B23:  MOVF   77,W
0B24:  MOVWF  39
0B25:  BCF    0A.3
0B26:  CALL   19E
0B27:  BSF    0A.3
0B28:  MOVF   7A,W
0B29:  MOVWF  29
0B2A:  MOVF   79,W
0B2B:  MOVWF  28
0B2C:  MOVF   78,W
0B2D:  MOVWF  27
0B2E:  MOVF   77,W
0B2F:  MOVWF  26
....................      if(al=='3'){i++;if(i==1){printf(lcd_putc,"\f");} while(al=="3"); printf(lcd_putc,"3");    x=3; sayi=sayi*10 +x;} 
0B30:  MOVF   21,W
0B31:  SUBLW  33
0B32:  BTFSS  03.2
0B33:  GOTO   387
0B34:  INCF   30,F
0B35:  DECFSZ 30,W
0B36:  GOTO   33C
0B37:  MOVLW  0C
0B38:  MOVWF  3E
0B39:  BCF    0A.3
0B3A:  CALL   0E0
0B3B:  BSF    0A.3
0B3C:  MOVLW  00
0B3D:  MOVWF  7A
0B3E:  MOVLW  20
0B3F:  SUBWF  21,W
0B40:  BTFSS  03.2
0B41:  GOTO   345
0B42:  MOVF   7A,F
0B43:  BTFSC  03.2
0B44:  GOTO   33C
0B45:  MOVLW  33
0B46:  MOVWF  3E
0B47:  BCF    0A.3
0B48:  CALL   0E0
0B49:  BSF    0A.3
0B4A:  MOVLW  03
0B4B:  MOVWF  2E
0B4C:  MOVF   29,W
0B4D:  MOVWF  41
0B4E:  MOVF   28,W
0B4F:  MOVWF  40
0B50:  MOVF   27,W
0B51:  MOVWF  3F
0B52:  MOVF   26,W
0B53:  MOVWF  3E
0B54:  CLRF   45
0B55:  CLRF   44
0B56:  MOVLW  20
0B57:  MOVWF  43
0B58:  MOVLW  82
0B59:  MOVWF  42
0B5A:  BCF    0A.3
0B5B:  CALL   10C
0B5C:  BSF    0A.3
0B5D:  MOVF   7A,W
0B5E:  MOVWF  34
0B5F:  MOVF   79,W
0B60:  MOVWF  33
0B61:  MOVF   78,W
0B62:  MOVWF  32
0B63:  MOVF   77,W
0B64:  MOVWF  31
0B65:  CLRF   36
0B66:  MOVF   2E,W
0B67:  MOVWF  35
0B68:  BCF    0A.3
0B69:  CALL   181
0B6A:  BSF    0A.3
0B6B:  BCF    03.1
0B6C:  MOVF   34,W
0B6D:  MOVWF  38
0B6E:  MOVF   33,W
0B6F:  MOVWF  37
0B70:  MOVF   32,W
0B71:  MOVWF  36
0B72:  MOVF   31,W
0B73:  MOVWF  35
0B74:  MOVF   7A,W
0B75:  MOVWF  3C
0B76:  MOVF   79,W
0B77:  MOVWF  3B
0B78:  MOVF   78,W
0B79:  MOVWF  3A
0B7A:  MOVF   77,W
0B7B:  MOVWF  39
0B7C:  BCF    0A.3
0B7D:  CALL   19E
0B7E:  BSF    0A.3
0B7F:  MOVF   7A,W
0B80:  MOVWF  29
0B81:  MOVF   79,W
0B82:  MOVWF  28
0B83:  MOVF   78,W
0B84:  MOVWF  27
0B85:  MOVF   77,W
0B86:  MOVWF  26
....................      if(al=='-'){i++;if(i==1){printf(lcd_putc,"\f");} while(al=="-"); printf(lcd_putc,"-"); sayi1=sayi;islem=2;sayi=0;} //cikarma 
0B87:  MOVF   21,W
0B88:  SUBLW  2D
0B89:  BTFSS  03.2
0B8A:  GOTO   3AF
0B8B:  INCF   30,F
0B8C:  DECFSZ 30,W
0B8D:  GOTO   393
0B8E:  MOVLW  0C
0B8F:  MOVWF  3E
0B90:  BCF    0A.3
0B91:  CALL   0E0
0B92:  BSF    0A.3
0B93:  MOVLW  00
0B94:  MOVWF  7A
0B95:  MOVLW  22
0B96:  SUBWF  21,W
0B97:  BTFSS  03.2
0B98:  GOTO   39C
0B99:  MOVF   7A,F
0B9A:  BTFSC  03.2
0B9B:  GOTO   393
0B9C:  MOVLW  2D
0B9D:  MOVWF  3E
0B9E:  BCF    0A.3
0B9F:  CALL   0E0
0BA0:  BSF    0A.3
0BA1:  MOVF   29,W
0BA2:  MOVWF  25
0BA3:  MOVF   28,W
0BA4:  MOVWF  24
0BA5:  MOVF   27,W
0BA6:  MOVWF  23
0BA7:  MOVF   26,W
0BA8:  MOVWF  22
0BA9:  MOVLW  02
0BAA:  MOVWF  2F
0BAB:  CLRF   29
0BAC:  CLRF   28
0BAD:  CLRF   27
0BAE:  CLRF   26
....................       //------------------------------------------------------------------------------------------------------------------------------------------------- 
....................      if(al=='f'){ while(al =="f"); printf(lcd_putc,"\f0"); sayi1=0;sayi=0;x=0;islem=0;sonuc=0;i=0;} 
0BAF:  MOVF   21,W
0BB0:  SUBLW  66
0BB1:  BTFSS  03.2
0BB2:  GOTO   3D5
0BB3:  MOVLW  00
0BB4:  MOVWF  7A
0BB5:  MOVLW  24
0BB6:  SUBWF  21,W
0BB7:  BTFSS  03.2
0BB8:  GOTO   3BC
0BB9:  MOVF   7A,F
0BBA:  BTFSC  03.2
0BBB:  GOTO   3B3
0BBC:  MOVLW  0C
0BBD:  MOVWF  3E
0BBE:  BCF    0A.3
0BBF:  CALL   0E0
0BC0:  BSF    0A.3
0BC1:  MOVLW  30
0BC2:  MOVWF  3E
0BC3:  BCF    0A.3
0BC4:  CALL   0E0
0BC5:  BSF    0A.3
0BC6:  CLRF   25
0BC7:  CLRF   24
0BC8:  CLRF   23
0BC9:  CLRF   22
0BCA:  CLRF   29
0BCB:  CLRF   28
0BCC:  CLRF   27
0BCD:  CLRF   26
0BCE:  CLRF   2E
0BCF:  CLRF   2F
0BD0:  CLRF   2D
0BD1:  CLRF   2C
0BD2:  CLRF   2B
0BD3:  CLRF   2A
0BD4:  CLRF   30
....................      if(al=='0'){i++;if(i==1){printf(lcd_putc,"\f");} while(al=="0"); printf(lcd_putc,"0") ;  x=0; sayi=sayi*10 +x;} 
0BD5:  MOVF   21,W
0BD6:  SUBLW  30
0BD7:  BTFSS  03.2
0BD8:  GOTO   42B
0BD9:  INCF   30,F
0BDA:  DECFSZ 30,W
0BDB:  GOTO   3E1
0BDC:  MOVLW  0C
0BDD:  MOVWF  3E
0BDE:  BCF    0A.3
0BDF:  CALL   0E0
0BE0:  BSF    0A.3
0BE1:  MOVLW  00
0BE2:  MOVWF  7A
0BE3:  MOVLW  26
0BE4:  SUBWF  21,W
0BE5:  BTFSS  03.2
0BE6:  GOTO   3EA
0BE7:  MOVF   7A,F
0BE8:  BTFSC  03.2
0BE9:  GOTO   3E1
0BEA:  MOVLW  30
0BEB:  MOVWF  3E
0BEC:  BCF    0A.3
0BED:  CALL   0E0
0BEE:  BSF    0A.3
0BEF:  CLRF   2E
0BF0:  MOVF   29,W
0BF1:  MOVWF  41
0BF2:  MOVF   28,W
0BF3:  MOVWF  40
0BF4:  MOVF   27,W
0BF5:  MOVWF  3F
0BF6:  MOVF   26,W
0BF7:  MOVWF  3E
0BF8:  CLRF   45
0BF9:  CLRF   44
0BFA:  MOVLW  20
0BFB:  MOVWF  43
0BFC:  MOVLW  82
0BFD:  MOVWF  42
0BFE:  BCF    0A.3
0BFF:  CALL   10C
0C00:  BSF    0A.3
0C01:  MOVF   7A,W
0C02:  MOVWF  34
0C03:  MOVF   79,W
0C04:  MOVWF  33
0C05:  MOVF   78,W
0C06:  MOVWF  32
0C07:  MOVF   77,W
0C08:  MOVWF  31
0C09:  CLRF   36
0C0A:  MOVF   2E,W
0C0B:  MOVWF  35
0C0C:  BCF    0A.3
0C0D:  CALL   181
0C0E:  BSF    0A.3
0C0F:  BCF    03.1
0C10:  MOVF   34,W
0C11:  MOVWF  38
0C12:  MOVF   33,W
0C13:  MOVWF  37
0C14:  MOVF   32,W
0C15:  MOVWF  36
0C16:  MOVF   31,W
0C17:  MOVWF  35
0C18:  MOVF   7A,W
0C19:  MOVWF  3C
0C1A:  MOVF   79,W
0C1B:  MOVWF  3B
0C1C:  MOVF   78,W
0C1D:  MOVWF  3A
0C1E:  MOVF   77,W
0C1F:  MOVWF  39
0C20:  BCF    0A.3
0C21:  CALL   19E
0C22:  BSF    0A.3
0C23:  MOVF   7A,W
0C24:  MOVWF  29
0C25:  MOVF   79,W
0C26:  MOVWF  28
0C27:  MOVF   78,W
0C28:  MOVWF  27
0C29:  MOVF   77,W
0C2A:  MOVWF  26
....................      if(al=='='){i++;if(i==1){printf(lcd_putc,"\f");} while(al=="="); islem_sec();}    
0C2B:  MOVF   21,W
0C2C:  SUBLW  3D
0C2D:  BTFSS  03.2
0C2E:  GOTO   624
0C2F:  INCF   30,F
0C30:  DECFSZ 30,W
0C31:  GOTO   437
0C32:  MOVLW  0C
0C33:  MOVWF  3E
0C34:  BCF    0A.3
0C35:  CALL   0E0
0C36:  BSF    0A.3
0C37:  MOVLW  00
0C38:  MOVWF  7A
0C39:  MOVLW  28
0C3A:  SUBWF  21,W
0C3B:  BTFSS  03.2
0C3C:  GOTO   440
0C3D:  MOVF   7A,F
0C3E:  BTFSC  03.2
0C3F:  GOTO   437
....................      if(al=='+'){i++;if(i==1){printf(lcd_putc,"\f");} while(al=="+"); printf(lcd_putc,"+");sayi1=sayi;islem=1;sayi=0;    } // toplama 
*
0E24:  MOVF   21,W
0E25:  SUBLW  2B
0E26:  BTFSS  03.2
0E27:  GOTO   64C
0E28:  INCF   30,F
0E29:  DECFSZ 30,W
0E2A:  GOTO   630
0E2B:  MOVLW  0C
0E2C:  MOVWF  3E
0E2D:  BCF    0A.3
0E2E:  CALL   0E0
0E2F:  BSF    0A.3
0E30:  MOVLW  00
0E31:  MOVWF  7A
0E32:  MOVLW  2A
0E33:  SUBWF  21,W
0E34:  BTFSS  03.2
0E35:  GOTO   639
0E36:  MOVF   7A,F
0E37:  BTFSC  03.2
0E38:  GOTO   630
0E39:  MOVLW  2B
0E3A:  MOVWF  3E
0E3B:  BCF    0A.3
0E3C:  CALL   0E0
0E3D:  BSF    0A.3
0E3E:  MOVF   29,W
0E3F:  MOVWF  25
0E40:  MOVF   28,W
0E41:  MOVWF  24
0E42:  MOVF   27,W
0E43:  MOVWF  23
0E44:  MOVF   26,W
0E45:  MOVWF  22
0E46:  MOVLW  01
0E47:  MOVWF  2F
0E48:  CLRF   29
0E49:  CLRF   28
0E4A:  CLRF   27
0E4B:  CLRF   26
....................     //------------------------------------------------------------------------------------------------------------------------------------------------------- 
....................     if(al== ' '){ while(al == " "); printf(lcd_putc,"\f");sayi1=0;sayi=0;x=0;islem=0;sonuc=0;i=0;}  
0E4C:  MOVF   21,W
0E4D:  SUBLW  20
0E4E:  BTFSS  03.2
0E4F:  GOTO   66D
0E50:  MOVLW  00
0E51:  MOVWF  7A
0E52:  MOVLW  2C
0E53:  SUBWF  21,W
0E54:  BTFSS  03.2
0E55:  GOTO   659
0E56:  MOVF   7A,F
0E57:  BTFSC  03.2
0E58:  GOTO   650
0E59:  MOVLW  0C
0E5A:  MOVWF  3E
0E5B:  BCF    0A.3
0E5C:  CALL   0E0
0E5D:  BSF    0A.3
0E5E:  CLRF   25
0E5F:  CLRF   24
0E60:  CLRF   23
0E61:  CLRF   22
0E62:  CLRF   29
0E63:  CLRF   28
0E64:  CLRF   27
0E65:  CLRF   26
0E66:  CLRF   2E
0E67:  CLRF   2F
0E68:  CLRF   2D
0E69:  CLRF   2C
0E6A:  CLRF   2B
0E6B:  CLRF   2A
0E6C:  CLRF   30
0E6D:  BCF    0A.3
0E6E:  BCF    0A.4
0E6F:  GOTO   431 (RETURN)
....................       
....................  
.................... } 
....................  
.................... int islem_sec() //islem degiskenin degerini gre islem secme 
.................... {  
.................... delay_ms(250); 
*
0C40:  MOVLW  FA
0C41:  MOVWF  3F
0C42:  BCF    0A.3
0C43:  CALL   02E
0C44:  BSF    0A.3
.................... printf(lcd_putc,"\f"); 
0C45:  MOVLW  0C
0C46:  MOVWF  3E
0C47:  BCF    0A.3
0C48:  CALL   0E0
0C49:  BSF    0A.3
....................    if(islem==1){ 
0C4A:  DECFSZ 2F,W
0C4B:  GOTO   48D
....................     sonuc=sayi1+sayi;  
0C4C:  BCF    03.1
0C4D:  MOVF   25,W
0C4E:  MOVWF  38
0C4F:  MOVF   24,W
0C50:  MOVWF  37
0C51:  MOVF   23,W
0C52:  MOVWF  36
0C53:  MOVF   22,W
0C54:  MOVWF  35
0C55:  MOVF   29,W
0C56:  MOVWF  3C
0C57:  MOVF   28,W
0C58:  MOVWF  3B
0C59:  MOVF   27,W
0C5A:  MOVWF  3A
0C5B:  MOVF   26,W
0C5C:  MOVWF  39
0C5D:  BCF    0A.3
0C5E:  CALL   19E
0C5F:  BSF    0A.3
0C60:  MOVF   7A,W
0C61:  MOVWF  2D
0C62:  MOVF   79,W
0C63:  MOVWF  2C
0C64:  MOVF   78,W
0C65:  MOVWF  2B
0C66:  MOVF   77,W
0C67:  MOVWF  2A
....................     printf(lcd_putc,"%.0f",sonuc); 
0C68:  MOVLW  89
0C69:  MOVWF  04
0C6A:  MOVF   2D,W
0C6B:  MOVWF  34
0C6C:  MOVF   2C,W
0C6D:  MOVWF  33
0C6E:  MOVF   2B,W
0C6F:  MOVWF  32
0C70:  MOVF   2A,W
0C71:  MOVWF  31
0C72:  CLRF   35
0C73:  BCF    0A.3
0C74:  CALL   32E
0C75:  BSF    0A.3
....................     sayi1=sonuc;           // yedekle tekrar islem yapabilmek icin 
0C76:  MOVF   2D,W
0C77:  MOVWF  25
0C78:  MOVF   2C,W
0C79:  MOVWF  24
0C7A:  MOVF   2B,W
0C7B:  MOVWF  23
0C7C:  MOVF   2A,W
0C7D:  MOVWF  22
....................     sayi=sonuc; 
0C7E:  MOVF   2D,W
0C7F:  MOVWF  29
0C80:  MOVF   2C,W
0C81:  MOVWF  28
0C82:  MOVF   2B,W
0C83:  MOVWF  27
0C84:  MOVF   2A,W
0C85:  MOVWF  26
....................     x=0;islem=0;sonuc=0;//butun degerleri sfrla 
0C86:  CLRF   2E
0C87:  CLRF   2F
0C88:  CLRF   2D
0C89:  CLRF   2C
0C8A:  CLRF   2B
0C8B:  CLRF   2A
....................    } 
0C8C:  GOTO   623
....................   else if(islem==2){ 
0C8D:  MOVF   2F,W
0C8E:  SUBLW  02
0C8F:  BTFSS  03.2
0C90:  GOTO   4D2
....................     sonuc=sayi1-sayi; 
0C91:  BSF    03.1
0C92:  MOVF   25,W
0C93:  MOVWF  38
0C94:  MOVF   24,W
0C95:  MOVWF  37
0C96:  MOVF   23,W
0C97:  MOVWF  36
0C98:  MOVF   22,W
0C99:  MOVWF  35
0C9A:  MOVF   29,W
0C9B:  MOVWF  3C
0C9C:  MOVF   28,W
0C9D:  MOVWF  3B
0C9E:  MOVF   27,W
0C9F:  MOVWF  3A
0CA0:  MOVF   26,W
0CA1:  MOVWF  39
0CA2:  BCF    0A.3
0CA3:  CALL   19E
0CA4:  BSF    0A.3
0CA5:  MOVF   7A,W
0CA6:  MOVWF  2D
0CA7:  MOVF   79,W
0CA8:  MOVWF  2C
0CA9:  MOVF   78,W
0CAA:  MOVWF  2B
0CAB:  MOVF   77,W
0CAC:  MOVWF  2A
....................     printf(lcd_putc,"%.0f",sonuc); 
0CAD:  MOVLW  89
0CAE:  MOVWF  04
0CAF:  MOVF   2D,W
0CB0:  MOVWF  34
0CB1:  MOVF   2C,W
0CB2:  MOVWF  33
0CB3:  MOVF   2B,W
0CB4:  MOVWF  32
0CB5:  MOVF   2A,W
0CB6:  MOVWF  31
0CB7:  CLRF   35
0CB8:  BCF    0A.3
0CB9:  CALL   32E
0CBA:  BSF    0A.3
....................     sayi1=sonuc; 
0CBB:  MOVF   2D,W
0CBC:  MOVWF  25
0CBD:  MOVF   2C,W
0CBE:  MOVWF  24
0CBF:  MOVF   2B,W
0CC0:  MOVWF  23
0CC1:  MOVF   2A,W
0CC2:  MOVWF  22
....................     sayi=sonuc; 
0CC3:  MOVF   2D,W
0CC4:  MOVWF  29
0CC5:  MOVF   2C,W
0CC6:  MOVWF  28
0CC7:  MOVF   2B,W
0CC8:  MOVWF  27
0CC9:  MOVF   2A,W
0CCA:  MOVWF  26
....................     x=0;islem=0;sonuc=0;  
0CCB:  CLRF   2E
0CCC:  CLRF   2F
0CCD:  CLRF   2D
0CCE:  CLRF   2C
0CCF:  CLRF   2B
0CD0:  CLRF   2A
....................   } 
0CD1:  GOTO   623
....................   else if(islem==3){ 
0CD2:  MOVF   2F,W
0CD3:  SUBLW  03
0CD4:  BTFSS  03.2
0CD5:  GOTO   516
....................     sonuc=sayi1*sayi;  
0CD6:  MOVF   25,W
0CD7:  MOVWF  41
0CD8:  MOVF   24,W
0CD9:  MOVWF  40
0CDA:  MOVF   23,W
0CDB:  MOVWF  3F
0CDC:  MOVF   22,W
0CDD:  MOVWF  3E
0CDE:  MOVF   29,W
0CDF:  MOVWF  45
0CE0:  MOVF   28,W
0CE1:  MOVWF  44
0CE2:  MOVF   27,W
0CE3:  MOVWF  43
0CE4:  MOVF   26,W
0CE5:  MOVWF  42
0CE6:  BCF    0A.3
0CE7:  CALL   10C
0CE8:  BSF    0A.3
0CE9:  MOVF   7A,W
0CEA:  MOVWF  2D
0CEB:  MOVF   79,W
0CEC:  MOVWF  2C
0CED:  MOVF   78,W
0CEE:  MOVWF  2B
0CEF:  MOVF   77,W
0CF0:  MOVWF  2A
....................     printf(lcd_putc,"%.0f",sonuc); 
0CF1:  MOVLW  89
0CF2:  MOVWF  04
0CF3:  MOVF   2D,W
0CF4:  MOVWF  34
0CF5:  MOVF   2C,W
0CF6:  MOVWF  33
0CF7:  MOVF   2B,W
0CF8:  MOVWF  32
0CF9:  MOVF   2A,W
0CFA:  MOVWF  31
0CFB:  CLRF   35
0CFC:  BCF    0A.3
0CFD:  CALL   32E
0CFE:  BSF    0A.3
....................     sayi1=sonuc; 
0CFF:  MOVF   2D,W
0D00:  MOVWF  25
0D01:  MOVF   2C,W
0D02:  MOVWF  24
0D03:  MOVF   2B,W
0D04:  MOVWF  23
0D05:  MOVF   2A,W
0D06:  MOVWF  22
....................     sayi=sonuc; 
0D07:  MOVF   2D,W
0D08:  MOVWF  29
0D09:  MOVF   2C,W
0D0A:  MOVWF  28
0D0B:  MOVF   2B,W
0D0C:  MOVWF  27
0D0D:  MOVF   2A,W
0D0E:  MOVWF  26
....................     x=0; 
0D0F:  CLRF   2E
....................     islem=0; 
0D10:  CLRF   2F
....................     sonuc=0; 
0D11:  CLRF   2D
0D12:  CLRF   2C
0D13:  CLRF   2B
0D14:  CLRF   2A
....................   } 
0D15:  GOTO   623
....................   else if(islem==4){ 
0D16:  MOVF   2F,W
0D17:  SUBLW  04
0D18:  BTFSS  03.2
0D19:  GOTO   623
....................     sonuc=sayi1/sayi; 
0D1A:  MOVF   25,W
0D1B:  MOVWF  34
0D1C:  MOVF   24,W
0D1D:  MOVWF  33
0D1E:  MOVF   23,W
0D1F:  MOVWF  32
0D20:  MOVF   22,W
0D21:  MOVWF  31
0D22:  MOVF   29,W
0D23:  MOVWF  38
0D24:  MOVF   28,W
0D25:  MOVWF  37
0D26:  MOVF   27,W
0D27:  MOVWF  36
0D28:  MOVF   26,W
0D29:  MOVWF  35
*
0DF3:  MOVF   7A,W
0DF4:  MOVWF  2D
0DF5:  MOVF   79,W
0DF6:  MOVWF  2C
0DF7:  MOVF   78,W
0DF8:  MOVWF  2B
0DF9:  MOVF   77,W
0DFA:  MOVWF  2A
....................     printf(lcd_putc,"%.2f",sonuc); 
0DFB:  MOVLW  89
0DFC:  MOVWF  04
0DFD:  MOVF   2D,W
0DFE:  MOVWF  34
0DFF:  MOVF   2C,W
0E00:  MOVWF  33
0E01:  MOVF   2B,W
0E02:  MOVWF  32
0E03:  MOVF   2A,W
0E04:  MOVWF  31
0E05:  MOVLW  02
0E06:  MOVWF  35
0E07:  BCF    0A.3
0E08:  CALL   32E
0E09:  BSF    0A.3
....................     sayi1=sonuc; 
0E0A:  MOVF   2D,W
0E0B:  MOVWF  25
0E0C:  MOVF   2C,W
0E0D:  MOVWF  24
0E0E:  MOVF   2B,W
0E0F:  MOVWF  23
0E10:  MOVF   2A,W
0E11:  MOVWF  22
....................     sayi=sonuc;                     //sayi yedekleme sonradan sonuc zerinden islem yapabilmek icin 
0E12:  MOVF   2D,W
0E13:  MOVWF  29
0E14:  MOVF   2C,W
0E15:  MOVWF  28
0E16:  MOVF   2B,W
0E17:  MOVWF  27
0E18:  MOVF   2A,W
0E19:  MOVWF  26
....................     x=0; 
0E1A:  CLRF   2E
....................     islem=0; 
0E1B:  CLRF   2F
....................     sonuc=0; 
0E1C:  CLRF   2D
0E1D:  CLRF   2C
0E1E:  CLRF   2B
0E1F:  CLRF   2A
.................... break; 
....................     return 0; 
0E20:  MOVLW  00
0E21:  MOVWF  78
0E22:  GOTO   624
....................  }  
....................  islem=0; 
0E23:  CLRF   2F
.................... } 
....................  
.................... void main() 
*
040E:  MOVLW  FF
040F:  MOVWF  20
0410:  BSF    03.5
0411:  BCF    05.0
0412:  BCF    03.5
0413:  BSF    05.0
0414:  CLRF   25
0415:  CLRF   24
0416:  CLRF   23
0417:  CLRF   22
0418:  CLRF   29
0419:  CLRF   28
041A:  CLRF   27
041B:  CLRF   26
041C:  CLRF   2D
041D:  CLRF   2C
041E:  CLRF   2B
041F:  CLRF   2A
0420:  CLRF   2E
0421:  CLRF   2F
0422:  CLRF   30
0423:  BSF    03.5
0424:  BSF    1F.0
0425:  BSF    1F.1
0426:  BSF    1F.2
0427:  BCF    1F.3
0428:  MOVLW  07
0429:  MOVWF  1C
042A:  BCF    03.7
042B:  MOVLW  1F
042C:  ANDWF  03,F
.................... {   
....................    lcd_init(); 
042D:  BCF    03.5
042E:  GOTO   09B
....................    while(True) 
....................    {    
....................     sayiyap_yazdir();   
042F:  BSF    0A.3
0430:  GOTO   000
0431:  BCF    0A.3
0432:  GOTO   42F
....................    } 
.................... } 
0433:  SLEEP

Configuration Fuses:
   Word  1: 3F32   HS NOWDT PUT NOBROWNOUT NOLVP NOCPD NOWRT NODEBUG NOPROTECT
